<?xml version="1.0" encoding="UTF-8"?>
<testsuite name="com.ssginc8.docto.qna.controller.CommentControllerTest" tests="5" skipped="0" failures="4" errors="0" timestamp="2025-06-02T07:33:51.153Z" hostname="SOOMIN" time="0.265">
  <properties/>
  <testcase name="의사 답변 수정" classname="com.ssginc8.docto.qna.controller.CommentControllerTest" time="0.186">
    <failure message="java.lang.AssertionError: Status expected:&lt;200&gt; but was:&lt;404&gt;" type="java.lang.AssertionError">java.lang.AssertionError: Status expected:&lt;200&gt; but was:&lt;404&gt;
	at org.springframework.test.util.AssertionErrors.fail(AssertionErrors.java:61)
	at org.springframework.test.util.AssertionErrors.assertEquals(AssertionErrors.java:128)
	at org.springframework.test.web.servlet.result.StatusResultMatchers.lambda$matcher$9(StatusResultMatchers.java:640)
	at org.springframework.test.web.servlet.MockMvc$1.andExpect(MockMvc.java:214)
	at com.ssginc8.docto.qna.controller.CommentControllerTest.updateComment(CommentControllerTest.java:125)
	at java.base/java.lang.reflect.Method.invoke(Method.java:569)
	at java.base/java.util.ArrayList.forEach(ArrayList.java:1511)
	at java.base/java.util.ArrayList.forEach(ArrayList.java:1511)
</failure>
  </testcase>
  <testcase name="의사 답변 생성" classname="com.ssginc8.docto.qna.controller.CommentControllerTest" time="0.012">
    <failure message="java.lang.AssertionError: Status expected:&lt;200&gt; but was:&lt;404&gt;" type="java.lang.AssertionError">java.lang.AssertionError: Status expected:&lt;200&gt; but was:&lt;404&gt;
	at org.springframework.test.util.AssertionErrors.fail(AssertionErrors.java:61)
	at org.springframework.test.util.AssertionErrors.assertEquals(AssertionErrors.java:128)
	at org.springframework.test.web.servlet.result.StatusResultMatchers.lambda$matcher$9(StatusResultMatchers.java:640)
	at org.springframework.test.web.servlet.MockMvc$1.andExpect(MockMvc.java:214)
	at com.ssginc8.docto.qna.controller.CommentControllerTest.createQaComment(CommentControllerTest.java:46)
	at java.base/java.lang.reflect.Method.invoke(Method.java:569)
	at java.base/java.util.ArrayList.forEach(ArrayList.java:1511)
	at java.base/java.util.ArrayList.forEach(ArrayList.java:1511)
</failure>
  </testcase>
  <testcase name="답변 리스트 조회" classname="com.ssginc8.docto.qna.controller.CommentControllerTest" time="0.012">
    <failure message="java.lang.AssertionError: Status expected:&lt;200&gt; but was:&lt;404&gt;" type="java.lang.AssertionError">java.lang.AssertionError: Status expected:&lt;200&gt; but was:&lt;404&gt;
	at org.springframework.test.util.AssertionErrors.fail(AssertionErrors.java:61)
	at org.springframework.test.util.AssertionErrors.assertEquals(AssertionErrors.java:128)
	at org.springframework.test.web.servlet.result.StatusResultMatchers.lambda$matcher$9(StatusResultMatchers.java:640)
	at org.springframework.test.web.servlet.MockMvc$1.andExpect(MockMvc.java:214)
	at com.ssginc8.docto.qna.controller.CommentControllerTest.listComments(CommentControllerTest.java:76)
	at java.base/java.lang.reflect.Method.invoke(Method.java:569)
	at java.base/java.util.ArrayList.forEach(ArrayList.java:1511)
	at java.base/java.util.ArrayList.forEach(ArrayList.java:1511)
</failure>
  </testcase>
  <testcase name="의사 답변 삭제" classname="com.ssginc8.docto.qna.controller.CommentControllerTest" time="0.037"/>
  <testcase name="답변 단건 댓글 조회" classname="com.ssginc8.docto.qna.controller.CommentControllerTest" time="0.015">
    <failure message="java.lang.AssertionError: Status expected:&lt;200&gt; but was:&lt;404&gt;" type="java.lang.AssertionError">java.lang.AssertionError: Status expected:&lt;200&gt; but was:&lt;404&gt;
	at org.springframework.test.util.AssertionErrors.fail(AssertionErrors.java:61)
	at org.springframework.test.util.AssertionErrors.assertEquals(AssertionErrors.java:128)
	at org.springframework.test.web.servlet.result.StatusResultMatchers.lambda$matcher$9(StatusResultMatchers.java:640)
	at org.springframework.test.web.servlet.MockMvc$1.andExpect(MockMvc.java:214)
	at com.ssginc8.docto.qna.controller.CommentControllerTest.getComment(CommentControllerTest.java:98)
	at java.base/java.lang.reflect.Method.invoke(Method.java:569)
	at java.base/java.util.ArrayList.forEach(ArrayList.java:1511)
	at java.base/java.util.ArrayList.forEach(ArrayList.java:1511)
</failure>
  </testcase>
  <system-out><![CDATA[2025-06-02T16:33:48.685+09:00  INFO 18716 --- [    Test worker] t.c.s.AnnotationConfigContextLoaderUtils : Could not detect default configuration classes for test class [com.ssginc8.docto.qna.controller.CommentControllerTest]: CommentControllerTest does not declare any static, non-private, non-final, nested classes annotated with @Configuration.
2025-06-02T16:33:48.727+09:00  INFO 18716 --- [    Test worker] .b.t.c.SpringBootTestContextBootstrapper : Found @SpringBootConfiguration com.ssginc8.docto.DoctoApplication for test class com.ssginc8.docto.qna.controller.CommentControllerTest

  .   ____          _            __ _ _
 /\\ / ___'_ __ _ _(_)_ __  __ _ \ \ \ \
( ( )\___ | '_ | '_| | '_ \/ _` | \ \ \ \
 \\/  ___)| |_)| | | | | || (_| |  ) ) ) )
  '  |____| .__|_| |_|_| |_\__, | / / / /
 =========|_|==============|___/=/_/_/_/

 :: Spring Boot ::                (v3.4.5)

2025-06-02T16:33:48.756+09:00  INFO 18716 --- [    Test worker] c.s.d.q.c.CommentControllerTest          : Starting CommentControllerTest using Java 17.0.14 with PID 18716 (started by o3o_1 in C:\Spharos Academy\docto-back-cs)
2025-06-02T16:33:48.756+09:00 DEBUG 18716 --- [    Test worker] c.s.d.q.c.CommentControllerTest          : Running with Spring Boot v3.4.5, Spring v6.2.6
2025-06-02T16:33:48.756+09:00  INFO 18716 --- [    Test worker] c.s.d.q.c.CommentControllerTest          : The following 1 profile is active: "prod"
2025-06-02T16:33:49.076+09:00  INFO 18716 --- [    Test worker] .s.d.r.c.RepositoryConfigurationDelegate : Multiple Spring Data modules found, entering strict repository configuration mode
2025-06-02T16:33:49.076+09:00  INFO 18716 --- [    Test worker] .s.d.r.c.RepositoryConfigurationDelegate : Bootstrapping Spring Data JPA repositories in DEFAULT mode.
2025-06-02T16:33:49.180+09:00  INFO 18716 --- [    Test worker] .s.d.r.c.RepositoryConfigurationDelegate : Finished Spring Data repository scanning in 102 ms. Found 18 JPA repository interfaces.
2025-06-02T16:33:49.182+09:00  INFO 18716 --- [    Test worker] .s.d.r.c.RepositoryConfigurationDelegate : Multiple Spring Data modules found, entering strict repository configuration mode
2025-06-02T16:33:49.182+09:00  INFO 18716 --- [    Test worker] .s.d.r.c.RepositoryConfigurationDelegate : Bootstrapping Spring Data Redis repositories in DEFAULT mode.
2025-06-02T16:33:49.215+09:00  INFO 18716 --- [    Test worker] .RepositoryConfigurationExtensionSupport : Spring Data Redis - Could not safely identify store assignment for repository candidate interface com.ssginc8.docto.appointment.repo.AppointmentRepo; If you want this repository to be a Redis repository, consider annotating your entities with one of these annotations: org.springframework.data.redis.core.RedisHash (preferred), or consider extending one of the following types with your repository: org.springframework.data.keyvalue.repository.KeyValueRepository
2025-06-02T16:33:49.216+09:00  INFO 18716 --- [    Test worker] .RepositoryConfigurationExtensionSupport : Spring Data Redis - Could not safely identify store assignment for repository candidate interface com.ssginc8.docto.auth.jwt.repository.RefreshTokenRepo; If you want this repository to be a Redis repository, consider annotating your entities with one of these annotations: org.springframework.data.redis.core.RedisHash (preferred), or consider extending one of the following types with your repository: org.springframework.data.keyvalue.repository.KeyValueRepository
2025-06-02T16:33:49.216+09:00  INFO 18716 --- [    Test worker] .RepositoryConfigurationExtensionSupport : Spring Data Redis - Could not safely identify store assignment for repository candidate interface com.ssginc8.docto.doctor.repo.DoctorRepo; If you want this repository to be a Redis repository, consider annotating your entities with one of these annotations: org.springframework.data.redis.core.RedisHash (preferred), or consider extending one of the following types with your repository: org.springframework.data.keyvalue.repository.KeyValueRepository
2025-06-02T16:33:49.216+09:00  INFO 18716 --- [    Test worker] .RepositoryConfigurationExtensionSupport : Spring Data Redis - Could not safely identify store assignment for repository candidate interface com.ssginc8.docto.doctor.repo.DoctorScheduleRepo; If you want this repository to be a Redis repository, consider annotating your entities with one of these annotations: org.springframework.data.redis.core.RedisHash (preferred), or consider extending one of the following types with your repository: org.springframework.data.keyvalue.repository.KeyValueRepository
2025-06-02T16:33:49.216+09:00  INFO 18716 --- [    Test worker] .RepositoryConfigurationExtensionSupport : Spring Data Redis - Could not safely identify store assignment for repository candidate interface com.ssginc8.docto.file.repository.FileRepo; If you want this repository to be a Redis repository, consider annotating your entities with one of these annotations: org.springframework.data.redis.core.RedisHash (preferred), or consider extending one of the following types with your repository: org.springframework.data.keyvalue.repository.KeyValueRepository
2025-06-02T16:33:49.216+09:00  INFO 18716 --- [    Test worker] .RepositoryConfigurationExtensionSupport : Spring Data Redis - Could not safely identify store assignment for repository candidate interface com.ssginc8.docto.guardian.repo.PatientGuardianRepo; If you want this repository to be a Redis repository, consider annotating your entities with one of these annotations: org.springframework.data.redis.core.RedisHash (preferred), or consider extending one of the following types with your repository: org.springframework.data.keyvalue.repository.KeyValueRepository
2025-06-02T16:33:49.216+09:00  INFO 18716 --- [    Test worker] .RepositoryConfigurationExtensionSupport : Spring Data Redis - Could not safely identify store assignment for repository candidate interface com.ssginc8.docto.hospital.repo.HospitalRepo; If you want this repository to be a Redis repository, consider annotating your entities with one of these annotations: org.springframework.data.redis.core.RedisHash (preferred), or consider extending one of the following types with your repository: org.springframework.data.keyvalue.repository.KeyValueRepository
2025-06-02T16:33:49.216+09:00  INFO 18716 --- [    Test worker] .RepositoryConfigurationExtensionSupport : Spring Data Redis - Could not safely identify store assignment for repository candidate interface com.ssginc8.docto.hospital.repo.HospitalScheduleRepo; If you want this repository to be a Redis repository, consider annotating your entities with one of these annotations: org.springframework.data.redis.core.RedisHash (preferred), or consider extending one of the following types with your repository: org.springframework.data.keyvalue.repository.KeyValueRepository
2025-06-02T16:33:49.216+09:00  INFO 18716 --- [    Test worker] .RepositoryConfigurationExtensionSupport : Spring Data Redis - Could not safely identify store assignment for repository candidate interface com.ssginc8.docto.hospital.repo.ProvidedServiceRepo; If you want this repository to be a Redis repository, consider annotating your entities with one of these annotations: org.springframework.data.redis.core.RedisHash (preferred), or consider extending one of the following types with your repository: org.springframework.data.keyvalue.repository.KeyValueRepository
2025-06-02T16:33:49.216+09:00  INFO 18716 --- [    Test worker] .RepositoryConfigurationExtensionSupport : Spring Data Redis - Could not safely identify store assignment for repository candidate interface com.ssginc8.docto.medication.repo.MedicationAlertDayRepo; If you want this repository to be a Redis repository, consider annotating your entities with one of these annotations: org.springframework.data.redis.core.RedisHash (preferred), or consider extending one of the following types with your repository: org.springframework.data.keyvalue.repository.KeyValueRepository
2025-06-02T16:33:49.216+09:00  INFO 18716 --- [    Test worker] .RepositoryConfigurationExtensionSupport : Spring Data Redis - Could not safely identify store assignment for repository candidate interface com.ssginc8.docto.medication.repo.MedicationAlertTimeRepo; If you want this repository to be a Redis repository, consider annotating your entities with one of these annotations: org.springframework.data.redis.core.RedisHash (preferred), or consider extending one of the following types with your repository: org.springframework.data.keyvalue.repository.KeyValueRepository
2025-06-02T16:33:49.216+09:00  INFO 18716 --- [    Test worker] .RepositoryConfigurationExtensionSupport : Spring Data Redis - Could not safely identify store assignment for repository candidate interface com.ssginc8.docto.medication.repo.MedicationInformationRepo; If you want this repository to be a Redis repository, consider annotating your entities with one of these annotations: org.springframework.data.redis.core.RedisHash (preferred), or consider extending one of the following types with your repository: org.springframework.data.keyvalue.repository.KeyValueRepository
2025-06-02T16:33:49.216+09:00  INFO 18716 --- [    Test worker] .RepositoryConfigurationExtensionSupport : Spring Data Redis - Could not safely identify store assignment for repository candidate interface com.ssginc8.docto.medication.repo.MedicationLogRepo; If you want this repository to be a Redis repository, consider annotating your entities with one of these annotations: org.springframework.data.redis.core.RedisHash (preferred), or consider extending one of the following types with your repository: org.springframework.data.keyvalue.repository.KeyValueRepository
2025-06-02T16:33:49.216+09:00  INFO 18716 --- [    Test worker] .RepositoryConfigurationExtensionSupport : Spring Data Redis - Could not safely identify store assignment for repository candidate interface com.ssginc8.docto.patient.repo.PatientRepo; If you want this repository to be a Redis repository, consider annotating your entities with one of these annotations: org.springframework.data.redis.core.RedisHash (preferred), or consider extending one of the following types with your repository: org.springframework.data.keyvalue.repository.KeyValueRepository
2025-06-02T16:33:49.216+09:00  INFO 18716 --- [    Test worker] .RepositoryConfigurationExtensionSupport : Spring Data Redis - Could not safely identify store assignment for repository candidate interface com.ssginc8.docto.qna.repo.CommentRepo; If you want this repository to be a Redis repository, consider annotating your entities with one of these annotations: org.springframework.data.redis.core.RedisHash (preferred), or consider extending one of the following types with your repository: org.springframework.data.keyvalue.repository.KeyValueRepository
2025-06-02T16:33:49.216+09:00  INFO 18716 --- [    Test worker] .RepositoryConfigurationExtensionSupport : Spring Data Redis - Could not safely identify store assignment for repository candidate interface com.ssginc8.docto.qna.repo.QaPostRepo; If you want this repository to be a Redis repository, consider annotating your entities with one of these annotations: org.springframework.data.redis.core.RedisHash (preferred), or consider extending one of the following types with your repository: org.springframework.data.keyvalue.repository.KeyValueRepository
2025-06-02T16:33:49.216+09:00  INFO 18716 --- [    Test worker] .RepositoryConfigurationExtensionSupport : Spring Data Redis - Could not safely identify store assignment for repository candidate interface com.ssginc8.docto.review.repository.ReviewRepo; If you want this repository to be a Redis repository, consider annotating your entities with one of these annotations: org.springframework.data.redis.core.RedisHash (preferred), or consider extending one of the following types with your repository: org.springframework.data.keyvalue.repository.KeyValueRepository
2025-06-02T16:33:49.216+09:00  INFO 18716 --- [    Test worker] .RepositoryConfigurationExtensionSupport : Spring Data Redis - Could not safely identify store assignment for repository candidate interface com.ssginc8.docto.user.repo.UserRepo; If you want this repository to be a Redis repository, consider annotating your entities with one of these annotations: org.springframework.data.redis.core.RedisHash (preferred), or consider extending one of the following types with your repository: org.springframework.data.keyvalue.repository.KeyValueRepository
2025-06-02T16:33:49.216+09:00  INFO 18716 --- [    Test worker] .s.d.r.c.RepositoryConfigurationDelegate : Finished Spring Data repository scanning in 33 ms. Found 0 Redis repository interfaces.
2025-06-02T16:33:49.340+09:00  INFO 18716 --- [    Test worker] o.hibernate.jpa.internal.util.LogHelper  : HHH000204: Processing PersistenceUnitInfo [name: default]
2025-06-02T16:33:49.346+09:00  INFO 18716 --- [    Test worker] o.h.c.internal.RegionFactoryInitiator    : HHH000026: Second-level cache disabled
2025-06-02T16:33:49.357+09:00  INFO 18716 --- [    Test worker] o.s.o.j.p.SpringPersistenceUnitInfo      : No LoadTimeWeaver setup: ignoring JPA class transformer
2025-06-02T16:33:49.358+09:00  INFO 18716 --- [    Test worker] com.zaxxer.hikari.HikariDataSource       : HikariPool-4 - Starting...
2025-06-02T16:33:49.437+09:00  INFO 18716 --- [    Test worker] com.zaxxer.hikari.pool.HikariPool        : HikariPool-4 - Added connection org.postgresql.jdbc.PgConnection@2ccb0929
2025-06-02T16:33:49.437+09:00  INFO 18716 --- [    Test worker] com.zaxxer.hikari.HikariDataSource       : HikariPool-4 - Start completed.
2025-06-02T16:33:49.445+09:00  WARN 18716 --- [    Test worker] org.hibernate.orm.deprecation            : HHH90000025: PostgreSQLDialect does not need to be specified explicitly using 'hibernate.dialect' (remove the property setting and it will be selected by default)
2025-06-02T16:33:49.446+09:00  INFO 18716 --- [    Test worker] org.hibernate.orm.connections.pooling    : HHH10001005: Database info:
	Database JDBC URL [Connecting through datasource 'HikariDataSource (HikariPool-4)']
	Database driver: undefined/unknown
	Database version: 17.5
	Autocommit mode: undefined/unknown
	Isolation level: undefined/unknown
	Minimum pool size: undefined/unknown
	Maximum pool size: undefined/unknown
2025-06-02T16:33:49.623+09:00  INFO 18716 --- [    Test worker] o.h.e.t.j.p.i.JtaPlatformInitiator       : HHH000489: No JTA platform available (set 'hibernate.transaction.jta.platform' to enable JTA platform integration)
2025-06-02T16:33:50.769+09:00  INFO 18716 --- [    Test worker] j.LocalContainerEntityManagerFactoryBean : Initialized JPA EntityManagerFactory for persistence unit 'default'
2025-06-02T16:33:50.993+09:00 TRACE 18716 --- [    Test worker] eGlobalAuthenticationAutowiredConfigurer : Eagerly initializing {securityConfig=com.ssginc8.docto.auth.config.SecurityConfig$$SpringCGLIB$$0@5daf45c}
2025-06-02T16:33:50.993+09:00  INFO 18716 --- [    Test worker] r$InitializeUserDetailsManagerConfigurer : Global AuthenticationManager configured with UserDetailsService bean with name userDetailService
2025-06-02T16:33:51.047+09:00 DEBUG 18716 --- [    Test worker] o.s.s.web.DefaultSecurityFilterChain     : Will secure any request with filters: DisableEncodeUrlFilter, WebAsyncManagerIntegrationFilter, SecurityContextHolderFilter, HeaderWriterFilter, LogoutFilter, OAuth2AuthorizationRequestRedirectFilter, OAuth2LoginAuthenticationFilter, TokenAuthenticationFilter, RequestCacheAwareFilter, SecurityContextHolderAwareRequestFilter, AnonymousAuthenticationFilter, ExceptionTranslationFilter, AuthorizationFilter
2025-06-02T16:33:51.138+09:00  INFO 18716 --- [    Test worker] o.s.b.t.m.w.SpringBootMockServletContext : Initializing Spring TestDispatcherServlet ''
2025-06-02T16:33:51.138+09:00  INFO 18716 --- [    Test worker] o.s.t.web.servlet.TestDispatcherServlet  : Initializing Servlet ''
2025-06-02T16:33:51.139+09:00  INFO 18716 --- [    Test worker] o.s.t.web.servlet.TestDispatcherServlet  : Completed initialization in 1 ms
2025-06-02T16:33:51.151+09:00  INFO 18716 --- [    Test worker] c.s.d.q.c.CommentControllerTest          : Started CommentControllerTest in 2.421 seconds (process running for 28.556)
2025-06-02T16:33:51.172+09:00 TRACE 18716 --- [    Test worker] w.c.HttpSessionSecurityContextRepository : No HttpSession currently exists
2025-06-02T16:33:51.172+09:00 TRACE 18716 --- [    Test worker] w.c.HttpSessionSecurityContextRepository : Created SecurityContextImpl [Null authentication]
2025-06-02T16:33:51.174+09:00 TRACE 18716 --- [    Test worker] .s.s.w.c.SupplierDeferredSecurityContext : Created SecurityContextImpl [Null authentication]
2025-06-02T16:33:51.175+09:00 DEBUG 18716 --- [    Test worker] w.c.HttpSessionSecurityContextRepository : Created HttpSession as SecurityContext is non-default
2025-06-02T16:33:51.176+09:00 DEBUG 18716 --- [    Test worker] w.c.HttpSessionSecurityContextRepository : Stored SecurityContextImpl [Authentication=UsernamePasswordAuthenticationToken [Principal=org.springframework.security.core.userdetails.User [Username=guardianUser, Password=[PROTECTED], Enabled=true, AccountNonExpired=true, CredentialsNonExpired=true, AccountNonLocked=true, Granted Authorities=[ROLE_GUARDIAN]], Credentials=[PROTECTED], Authenticated=true, Details=null, Granted Authorities=[ROLE_GUARDIAN]]] to HttpSession [org.springframework.mock.web.MockHttpSession@2c6c0165]
2025-06-02T16:33:51.182+09:00 TRACE 18716 --- [    Test worker] o.s.security.web.FilterChainProxy        : Trying to match request against DefaultSecurityFilterChain defined as 'filterChain' in [class path resource [com/ssginc8/docto/auth/config/SecurityConfig.class]] matching [any request] and having filters [DisableEncodeUrl, WebAsyncManagerIntegration, SecurityContextHolder, HeaderWriter, Logout, OAuth2AuthorizationRequestRedirect, OAuth2LoginAuthentication, TokenAuthentication, RequestCacheAware, SecurityContextHolderAwareRequest, AnonymousAuthentication, ExceptionTranslation, Authorization] (1/1)
2025-06-02T16:33:51.182+09:00 DEBUG 18716 --- [    Test worker] o.s.security.web.FilterChainProxy        : Securing PATCH /api/v1/qnas/comments/18
2025-06-02T16:33:51.183+09:00 TRACE 18716 --- [    Test worker] o.s.security.web.FilterChainProxy        : Invoking DisableEncodeUrlFilter (1/13)
2025-06-02T16:33:51.184+09:00 TRACE 18716 --- [    Test worker] o.s.security.web.FilterChainProxy        : Invoking WebAsyncManagerIntegrationFilter (2/13)
2025-06-02T16:33:51.184+09:00 TRACE 18716 --- [    Test worker] o.s.security.web.FilterChainProxy        : Invoking SecurityContextHolderFilter (3/13)
2025-06-02T16:33:51.186+09:00 TRACE 18716 --- [    Test worker] o.s.security.web.FilterChainProxy        : Invoking HeaderWriterFilter (4/13)
2025-06-02T16:33:51.187+09:00 TRACE 18716 --- [    Test worker] o.s.security.web.FilterChainProxy        : Invoking LogoutFilter (5/13)
2025-06-02T16:33:51.187+09:00 TRACE 18716 --- [    Test worker] o.s.s.w.a.logout.LogoutFilter            : Did not match request to Or [Ant [pattern='/api/v1/auth/logout', GET], Ant [pattern='/api/v1/auth/logout', POST], Ant [pattern='/api/v1/auth/logout', PUT], Ant [pattern='/api/v1/auth/logout', DELETE]]
2025-06-02T16:33:51.187+09:00 TRACE 18716 --- [    Test worker] o.s.security.web.FilterChainProxy        : Invoking OAuth2AuthorizationRequestRedirectFilter (6/13)
2025-06-02T16:33:51.188+09:00 TRACE 18716 --- [    Test worker] o.s.security.web.FilterChainProxy        : Invoking OAuth2LoginAuthenticationFilter (7/13)
2025-06-02T16:33:51.188+09:00 TRACE 18716 --- [    Test worker] .s.o.c.w.OAuth2LoginAuthenticationFilter : Did not match request to Ant [pattern='/api/v1/auth/callback/*']
2025-06-02T16:33:51.188+09:00 TRACE 18716 --- [    Test worker] o.s.security.web.FilterChainProxy        : Invoking TokenAuthenticationFilter (8/13)
2025-06-02T16:33:51.188+09:00  INFO 18716 --- [    Test worker] c.s.d.a.j.f.TokenAuthenticationFilter    : ----------------------필터 동작-----------------------
2025-06-02T16:33:51.309+09:00 TRACE 18716 --- [    Test worker] o.s.security.web.FilterChainProxy        : Invoking RequestCacheAwareFilter (9/13)
2025-06-02T16:33:51.310+09:00 TRACE 18716 --- [    Test worker] o.s.s.w.s.HttpSessionRequestCache        : matchingRequestParameterName is required for getMatchingRequest to lookup a value, but not provided
2025-06-02T16:33:51.310+09:00 TRACE 18716 --- [    Test worker] o.s.security.web.FilterChainProxy        : Invoking SecurityContextHolderAwareRequestFilter (10/13)
2025-06-02T16:33:51.311+09:00 TRACE 18716 --- [    Test worker] o.s.security.web.FilterChainProxy        : Invoking AnonymousAuthenticationFilter (11/13)
2025-06-02T16:33:51.312+09:00 TRACE 18716 --- [    Test worker] o.s.security.web.FilterChainProxy        : Invoking ExceptionTranslationFilter (12/13)
2025-06-02T16:33:51.312+09:00 TRACE 18716 --- [    Test worker] o.s.security.web.FilterChainProxy        : Invoking AuthorizationFilter (13/13)
2025-06-02T16:33:51.312+09:00 TRACE 18716 --- [    Test worker] estMatcherDelegatingAuthorizationManager : Authorizing PATCH /api/v1/qnas/comments/18
2025-06-02T16:33:51.314+09:00 TRACE 18716 --- [    Test worker] estMatcherDelegatingAuthorizationManager : Checking authorization on PATCH /api/v1/qnas/comments/18 using AuthorityAuthorizationManager[authorities=[ROLE_GUARDIAN]]
2025-06-02T16:33:51.314+09:00 TRACE 18716 --- [    Test worker] w.c.HttpSessionSecurityContextRepository : Retrieved SecurityContextImpl [Authentication=UsernamePasswordAuthenticationToken [Principal=org.springframework.security.core.userdetails.User [Username=guardianUser, Password=[PROTECTED], Enabled=true, AccountNonExpired=true, CredentialsNonExpired=true, AccountNonLocked=true, Granted Authorities=[ROLE_GUARDIAN]], Credentials=[PROTECTED], Authenticated=true, Details=null, Granted Authorities=[ROLE_GUARDIAN]]] from SPRING_SECURITY_CONTEXT
2025-06-02T16:33:51.316+09:00 TRACE 18716 --- [    Test worker] o.s.s.w.a.AnonymousAuthenticationFilter  : Did not set SecurityContextHolder since already authenticated UsernamePasswordAuthenticationToken [Principal=org.springframework.security.core.userdetails.User [Username=guardianUser, Password=[PROTECTED], Enabled=true, AccountNonExpired=true, CredentialsNonExpired=true, AccountNonLocked=true, Granted Authorities=[ROLE_GUARDIAN]], Credentials=[PROTECTED], Authenticated=true, Details=null, Granted Authorities=[ROLE_GUARDIAN]]
2025-06-02T16:33:51.316+09:00 DEBUG 18716 --- [    Test worker] o.s.security.web.FilterChainProxy        : Secured PATCH /api/v1/qnas/comments/18
Hibernate: 
    select
        qc1_0.qna_comment_id,
        qc1_0.content,
        qc1_0.created_at,
        qc1_0.deleted_at,
        qc1_0.qna_post_id,
        qc1_0.updated_at 
    from
        tbl_qna_comment qc1_0 
    where
        qc1_0.qna_comment_id=?
2025-06-02T16:33:51.331+09:00  INFO 18716 --- [    Test worker] c.s.d.g.error.GlobalExceptionHandler     : =============================================
2025-06-02T16:33:51.333+09:00  INFO 18716 --- [    Test worker] c.s.d.g.error.GlobalExceptionHandler     : ErrorResponse(message=답변이 없습니다., code=C_001)
2025-06-02T16:33:51.335+09:00 TRACE 18716 --- [    Test worker] o.s.s.w.header.writers.HstsHeaderWriter  : Not injecting HSTS header since it did not match request to [Is Secure]

MockHttpServletRequest:
      HTTP Method = PATCH
      Request URI = /api/v1/qnas/comments/18
       Parameters = {}
          Headers = [Content-Type:"application/json;charset=UTF-8", Content-Length:"37"]
             Body = {"content":"수정된 답변 내용"}
    Session Attrs = {SPRING_SECURITY_CONTEXT=SecurityContextImpl [Authentication=UsernamePasswordAuthenticationToken [Principal=org.springframework.security.core.userdetails.User [Username=guardianUser, Password=[PROTECTED], Enabled=true, AccountNonExpired=true, CredentialsNonExpired=true, AccountNonLocked=true, Granted Authorities=[ROLE_GUARDIAN]], Credentials=[PROTECTED], Authenticated=true, Details=null, Granted Authorities=[ROLE_GUARDIAN]]]}

Handler:
             Type = com.ssginc8.docto.qna.controller.CommentController
           Method = com.ssginc8.docto.qna.controller.CommentController#updateComment(Long, CommentRequest)

Async:
    Async started = false
     Async result = null

Resolved Exception:
             Type = com.ssginc8.docto.global.error.exception.commentException.CommentNotFoundException

ModelAndView:
        View name = null
             View = null
            Model = null

FlashMap:
       Attributes = null

MockHttpServletResponse:
           Status = 404
    Error message = null
          Headers = [Content-Type:"application/json", X-Content-Type-Options:"nosniff", X-XSS-Protection:"0", Cache-Control:"no-cache, no-store, max-age=0, must-revalidate", Pragma:"no-cache", Expires:"0", X-Frame-Options:"DENY"]
     Content type = application/json
             Body = {"message":"답변이 없습니다.","code":"C_001"}
    Forwarded URL = null
   Redirected URL = null
          Cookies = []
2025-06-02T16:33:51.342+09:00 TRACE 18716 --- [    Test worker] w.c.HttpSessionSecurityContextRepository : No HttpSession currently exists
2025-06-02T16:33:51.342+09:00 TRACE 18716 --- [    Test worker] w.c.HttpSessionSecurityContextRepository : Created SecurityContextImpl [Null authentication]
2025-06-02T16:33:51.342+09:00 TRACE 18716 --- [    Test worker] .s.s.w.c.SupplierDeferredSecurityContext : Created SecurityContextImpl [Null authentication]
2025-06-02T16:33:51.342+09:00 DEBUG 18716 --- [    Test worker] w.c.HttpSessionSecurityContextRepository : Created HttpSession as SecurityContext is non-default
2025-06-02T16:33:51.342+09:00 DEBUG 18716 --- [    Test worker] w.c.HttpSessionSecurityContextRepository : Stored SecurityContextImpl [Authentication=UsernamePasswordAuthenticationToken [Principal=org.springframework.security.core.userdetails.User [Username=guardianUser, Password=[PROTECTED], Enabled=true, AccountNonExpired=true, CredentialsNonExpired=true, AccountNonLocked=true, Granted Authorities=[ROLE_GUARDIAN]], Credentials=[PROTECTED], Authenticated=true, Details=null, Granted Authorities=[ROLE_GUARDIAN]]] to HttpSession [org.springframework.mock.web.MockHttpSession@34f5265c]
2025-06-02T16:33:51.343+09:00 TRACE 18716 --- [    Test worker] o.s.security.web.FilterChainProxy        : Trying to match request against DefaultSecurityFilterChain defined as 'filterChain' in [class path resource [com/ssginc8/docto/auth/config/SecurityConfig.class]] matching [any request] and having filters [DisableEncodeUrl, WebAsyncManagerIntegration, SecurityContextHolder, HeaderWriter, Logout, OAuth2AuthorizationRequestRedirect, OAuth2LoginAuthentication, TokenAuthentication, RequestCacheAware, SecurityContextHolderAwareRequest, AnonymousAuthentication, ExceptionTranslation, Authorization] (1/1)
2025-06-02T16:33:51.343+09:00 DEBUG 18716 --- [    Test worker] o.s.security.web.FilterChainProxy        : Securing POST /api/v1/qnas/14/comments
2025-06-02T16:33:51.343+09:00 TRACE 18716 --- [    Test worker] o.s.security.web.FilterChainProxy        : Invoking DisableEncodeUrlFilter (1/13)
2025-06-02T16:33:51.343+09:00 TRACE 18716 --- [    Test worker] o.s.security.web.FilterChainProxy        : Invoking WebAsyncManagerIntegrationFilter (2/13)
2025-06-02T16:33:51.343+09:00 TRACE 18716 --- [    Test worker] o.s.security.web.FilterChainProxy        : Invoking SecurityContextHolderFilter (3/13)
2025-06-02T16:33:51.343+09:00 TRACE 18716 --- [    Test worker] o.s.security.web.FilterChainProxy        : Invoking HeaderWriterFilter (4/13)
2025-06-02T16:33:51.343+09:00 TRACE 18716 --- [    Test worker] o.s.security.web.FilterChainProxy        : Invoking LogoutFilter (5/13)
2025-06-02T16:33:51.343+09:00 TRACE 18716 --- [    Test worker] o.s.s.w.a.logout.LogoutFilter            : Did not match request to Or [Ant [pattern='/api/v1/auth/logout', GET], Ant [pattern='/api/v1/auth/logout', POST], Ant [pattern='/api/v1/auth/logout', PUT], Ant [pattern='/api/v1/auth/logout', DELETE]]
2025-06-02T16:33:51.343+09:00 TRACE 18716 --- [    Test worker] o.s.security.web.FilterChainProxy        : Invoking OAuth2AuthorizationRequestRedirectFilter (6/13)
2025-06-02T16:33:51.343+09:00 TRACE 18716 --- [    Test worker] o.s.security.web.FilterChainProxy        : Invoking OAuth2LoginAuthenticationFilter (7/13)
2025-06-02T16:33:51.343+09:00 TRACE 18716 --- [    Test worker] .s.o.c.w.OAuth2LoginAuthenticationFilter : Did not match request to Ant [pattern='/api/v1/auth/callback/*']
2025-06-02T16:33:51.343+09:00 TRACE 18716 --- [    Test worker] o.s.security.web.FilterChainProxy        : Invoking TokenAuthenticationFilter (8/13)
2025-06-02T16:33:51.343+09:00  INFO 18716 --- [    Test worker] c.s.d.a.j.f.TokenAuthenticationFilter    : ----------------------필터 동작-----------------------
2025-06-02T16:33:51.343+09:00 TRACE 18716 --- [    Test worker] o.s.security.web.FilterChainProxy        : Invoking RequestCacheAwareFilter (9/13)
2025-06-02T16:33:51.343+09:00 TRACE 18716 --- [    Test worker] o.s.s.w.s.HttpSessionRequestCache        : matchingRequestParameterName is required for getMatchingRequest to lookup a value, but not provided
2025-06-02T16:33:51.343+09:00 TRACE 18716 --- [    Test worker] o.s.security.web.FilterChainProxy        : Invoking SecurityContextHolderAwareRequestFilter (10/13)
2025-06-02T16:33:51.343+09:00 TRACE 18716 --- [    Test worker] o.s.security.web.FilterChainProxy        : Invoking AnonymousAuthenticationFilter (11/13)
2025-06-02T16:33:51.343+09:00 TRACE 18716 --- [    Test worker] o.s.security.web.FilterChainProxy        : Invoking ExceptionTranslationFilter (12/13)
2025-06-02T16:33:51.343+09:00 TRACE 18716 --- [    Test worker] o.s.security.web.FilterChainProxy        : Invoking AuthorizationFilter (13/13)
2025-06-02T16:33:51.343+09:00 TRACE 18716 --- [    Test worker] estMatcherDelegatingAuthorizationManager : Authorizing POST /api/v1/qnas/14/comments
2025-06-02T16:33:51.343+09:00 TRACE 18716 --- [    Test worker] estMatcherDelegatingAuthorizationManager : Checking authorization on POST /api/v1/qnas/14/comments using AuthorityAuthorizationManager[authorities=[ROLE_GUARDIAN]]
2025-06-02T16:33:51.343+09:00 TRACE 18716 --- [    Test worker] w.c.HttpSessionSecurityContextRepository : Retrieved SecurityContextImpl [Authentication=UsernamePasswordAuthenticationToken [Principal=org.springframework.security.core.userdetails.User [Username=guardianUser, Password=[PROTECTED], Enabled=true, AccountNonExpired=true, CredentialsNonExpired=true, AccountNonLocked=true, Granted Authorities=[ROLE_GUARDIAN]], Credentials=[PROTECTED], Authenticated=true, Details=null, Granted Authorities=[ROLE_GUARDIAN]]] from SPRING_SECURITY_CONTEXT
2025-06-02T16:33:51.343+09:00 TRACE 18716 --- [    Test worker] o.s.s.w.a.AnonymousAuthenticationFilter  : Did not set SecurityContextHolder since already authenticated UsernamePasswordAuthenticationToken [Principal=org.springframework.security.core.userdetails.User [Username=guardianUser, Password=[PROTECTED], Enabled=true, AccountNonExpired=true, CredentialsNonExpired=true, AccountNonLocked=true, Granted Authorities=[ROLE_GUARDIAN]], Credentials=[PROTECTED], Authenticated=true, Details=null, Granted Authorities=[ROLE_GUARDIAN]]
2025-06-02T16:33:51.343+09:00 DEBUG 18716 --- [    Test worker] o.s.security.web.FilterChainProxy        : Secured POST /api/v1/qnas/14/comments
Hibernate: 
    select
        qp1_0.qna_post_id,
        qp1_0.appointment_id,
        qp1_0.content,
        qp1_0.created_at,
        qp1_0.deleted_at,
        qp1_0.updated_at 
    from
        tbl_qa_post qp1_0 
    where
        qp1_0.qna_post_id=?
2025-06-02T16:33:51.348+09:00  INFO 18716 --- [    Test worker] c.s.d.g.error.GlobalExceptionHandler     : =============================================
2025-06-02T16:33:51.348+09:00  INFO 18716 --- [    Test worker] c.s.d.g.error.GlobalExceptionHandler     : ErrorResponse(message=Q&A 게시글이 없습니다., code=Q_001)
2025-06-02T16:33:51.350+09:00 TRACE 18716 --- [    Test worker] o.s.s.w.header.writers.HstsHeaderWriter  : Not injecting HSTS header since it did not match request to [Is Secure]

MockHttpServletRequest:
      HTTP Method = POST
      Request URI = /api/v1/qnas/14/comments
       Parameters = {}
          Headers = [Content-Type:"application/json;charset=UTF-8", Content-Length:"34"]
             Body = {"content":"답글 내용 예시"}
    Session Attrs = {SPRING_SECURITY_CONTEXT=SecurityContextImpl [Authentication=UsernamePasswordAuthenticationToken [Principal=org.springframework.security.core.userdetails.User [Username=guardianUser, Password=[PROTECTED], Enabled=true, AccountNonExpired=true, CredentialsNonExpired=true, AccountNonLocked=true, Granted Authorities=[ROLE_GUARDIAN]], Credentials=[PROTECTED], Authenticated=true, Details=null, Granted Authorities=[ROLE_GUARDIAN]]]}

Handler:
             Type = com.ssginc8.docto.qna.controller.CommentController
           Method = com.ssginc8.docto.qna.controller.CommentController#createComment(Long, CommentRequest)

Async:
    Async started = false
     Async result = null

Resolved Exception:
             Type = com.ssginc8.docto.global.error.exception.qnaException.QnaNotFoundException

ModelAndView:
        View name = null
             View = null
            Model = null

FlashMap:
       Attributes = null

MockHttpServletResponse:
           Status = 404
    Error message = null
          Headers = [Content-Type:"application/json", X-Content-Type-Options:"nosniff", X-XSS-Protection:"0", Cache-Control:"no-cache, no-store, max-age=0, must-revalidate", Pragma:"no-cache", Expires:"0", X-Frame-Options:"DENY"]
     Content type = application/json
             Body = {"message":"Q&A 게시글이 없습니다.","code":"Q_001"}
    Forwarded URL = null
   Redirected URL = null
          Cookies = []
2025-06-02T16:33:51.355+09:00 TRACE 18716 --- [    Test worker] w.c.HttpSessionSecurityContextRepository : No HttpSession currently exists
2025-06-02T16:33:51.355+09:00 TRACE 18716 --- [    Test worker] w.c.HttpSessionSecurityContextRepository : Created SecurityContextImpl [Null authentication]
2025-06-02T16:33:51.355+09:00 TRACE 18716 --- [    Test worker] .s.s.w.c.SupplierDeferredSecurityContext : Created SecurityContextImpl [Null authentication]
2025-06-02T16:33:51.355+09:00 DEBUG 18716 --- [    Test worker] w.c.HttpSessionSecurityContextRepository : Created HttpSession as SecurityContext is non-default
2025-06-02T16:33:51.355+09:00 DEBUG 18716 --- [    Test worker] w.c.HttpSessionSecurityContextRepository : Stored SecurityContextImpl [Authentication=UsernamePasswordAuthenticationToken [Principal=org.springframework.security.core.userdetails.User [Username=guardianUser, Password=[PROTECTED], Enabled=true, AccountNonExpired=true, CredentialsNonExpired=true, AccountNonLocked=true, Granted Authorities=[ROLE_GUARDIAN]], Credentials=[PROTECTED], Authenticated=true, Details=null, Granted Authorities=[ROLE_GUARDIAN]]] to HttpSession [org.springframework.mock.web.MockHttpSession@d3784e9]
2025-06-02T16:33:51.356+09:00 TRACE 18716 --- [    Test worker] o.s.security.web.FilterChainProxy        : Trying to match request against DefaultSecurityFilterChain defined as 'filterChain' in [class path resource [com/ssginc8/docto/auth/config/SecurityConfig.class]] matching [any request] and having filters [DisableEncodeUrl, WebAsyncManagerIntegration, SecurityContextHolder, HeaderWriter, Logout, OAuth2AuthorizationRequestRedirect, OAuth2LoginAuthentication, TokenAuthentication, RequestCacheAware, SecurityContextHolderAwareRequest, AnonymousAuthentication, ExceptionTranslation, Authorization] (1/1)
2025-06-02T16:33:51.356+09:00 DEBUG 18716 --- [    Test worker] o.s.security.web.FilterChainProxy        : Securing GET /api/v1/qnas/14/comments
2025-06-02T16:33:51.356+09:00 TRACE 18716 --- [    Test worker] o.s.security.web.FilterChainProxy        : Invoking DisableEncodeUrlFilter (1/13)
2025-06-02T16:33:51.356+09:00 TRACE 18716 --- [    Test worker] o.s.security.web.FilterChainProxy        : Invoking WebAsyncManagerIntegrationFilter (2/13)
2025-06-02T16:33:51.356+09:00 TRACE 18716 --- [    Test worker] o.s.security.web.FilterChainProxy        : Invoking SecurityContextHolderFilter (3/13)
2025-06-02T16:33:51.356+09:00 TRACE 18716 --- [    Test worker] o.s.security.web.FilterChainProxy        : Invoking HeaderWriterFilter (4/13)
2025-06-02T16:33:51.356+09:00 TRACE 18716 --- [    Test worker] o.s.security.web.FilterChainProxy        : Invoking LogoutFilter (5/13)
2025-06-02T16:33:51.356+09:00 TRACE 18716 --- [    Test worker] o.s.s.w.a.logout.LogoutFilter            : Did not match request to Or [Ant [pattern='/api/v1/auth/logout', GET], Ant [pattern='/api/v1/auth/logout', POST], Ant [pattern='/api/v1/auth/logout', PUT], Ant [pattern='/api/v1/auth/logout', DELETE]]
2025-06-02T16:33:51.356+09:00 TRACE 18716 --- [    Test worker] o.s.security.web.FilterChainProxy        : Invoking OAuth2AuthorizationRequestRedirectFilter (6/13)
2025-06-02T16:33:51.356+09:00 TRACE 18716 --- [    Test worker] o.s.security.web.FilterChainProxy        : Invoking OAuth2LoginAuthenticationFilter (7/13)
2025-06-02T16:33:51.356+09:00 TRACE 18716 --- [    Test worker] .s.o.c.w.OAuth2LoginAuthenticationFilter : Did not match request to Ant [pattern='/api/v1/auth/callback/*']
2025-06-02T16:33:51.356+09:00 TRACE 18716 --- [    Test worker] o.s.security.web.FilterChainProxy        : Invoking TokenAuthenticationFilter (8/13)
2025-06-02T16:33:51.356+09:00  INFO 18716 --- [    Test worker] c.s.d.a.j.f.TokenAuthenticationFilter    : ----------------------필터 동작-----------------------
2025-06-02T16:33:51.357+09:00 TRACE 18716 --- [    Test worker] o.s.security.web.FilterChainProxy        : Invoking RequestCacheAwareFilter (9/13)
2025-06-02T16:33:51.357+09:00 TRACE 18716 --- [    Test worker] o.s.s.w.s.HttpSessionRequestCache        : matchingRequestParameterName is required for getMatchingRequest to lookup a value, but not provided
2025-06-02T16:33:51.357+09:00 TRACE 18716 --- [    Test worker] o.s.security.web.FilterChainProxy        : Invoking SecurityContextHolderAwareRequestFilter (10/13)
2025-06-02T16:33:51.357+09:00 TRACE 18716 --- [    Test worker] o.s.security.web.FilterChainProxy        : Invoking AnonymousAuthenticationFilter (11/13)
2025-06-02T16:33:51.357+09:00 TRACE 18716 --- [    Test worker] o.s.security.web.FilterChainProxy        : Invoking ExceptionTranslationFilter (12/13)
2025-06-02T16:33:51.357+09:00 TRACE 18716 --- [    Test worker] o.s.security.web.FilterChainProxy        : Invoking AuthorizationFilter (13/13)
2025-06-02T16:33:51.357+09:00 TRACE 18716 --- [    Test worker] estMatcherDelegatingAuthorizationManager : Authorizing GET /api/v1/qnas/14/comments
2025-06-02T16:33:51.357+09:00 TRACE 18716 --- [    Test worker] estMatcherDelegatingAuthorizationManager : Checking authorization on GET /api/v1/qnas/14/comments using org.springframework.security.authorization.AuthenticatedAuthorizationManager@12446614
2025-06-02T16:33:51.357+09:00 TRACE 18716 --- [    Test worker] w.c.HttpSessionSecurityContextRepository : Retrieved SecurityContextImpl [Authentication=UsernamePasswordAuthenticationToken [Principal=org.springframework.security.core.userdetails.User [Username=guardianUser, Password=[PROTECTED], Enabled=true, AccountNonExpired=true, CredentialsNonExpired=true, AccountNonLocked=true, Granted Authorities=[ROLE_GUARDIAN]], Credentials=[PROTECTED], Authenticated=true, Details=null, Granted Authorities=[ROLE_GUARDIAN]]] from SPRING_SECURITY_CONTEXT
2025-06-02T16:33:51.357+09:00 TRACE 18716 --- [    Test worker] o.s.s.w.a.AnonymousAuthenticationFilter  : Did not set SecurityContextHolder since already authenticated UsernamePasswordAuthenticationToken [Principal=org.springframework.security.core.userdetails.User [Username=guardianUser, Password=[PROTECTED], Enabled=true, AccountNonExpired=true, CredentialsNonExpired=true, AccountNonLocked=true, Granted Authorities=[ROLE_GUARDIAN]], Credentials=[PROTECTED], Authenticated=true, Details=null, Granted Authorities=[ROLE_GUARDIAN]]
2025-06-02T16:33:51.357+09:00 DEBUG 18716 --- [    Test worker] o.s.security.web.FilterChainProxy        : Secured GET /api/v1/qnas/14/comments
Hibernate: 
    select
        qp1_0.qna_post_id,
        qp1_0.appointment_id,
        qp1_0.content,
        qp1_0.created_at,
        qp1_0.deleted_at,
        qp1_0.updated_at 
    from
        tbl_qa_post qp1_0 
    where
        qp1_0.qna_post_id=?
2025-06-02T16:33:51.360+09:00  INFO 18716 --- [    Test worker] c.s.d.g.error.GlobalExceptionHandler     : =============================================
2025-06-02T16:33:51.360+09:00  INFO 18716 --- [    Test worker] c.s.d.g.error.GlobalExceptionHandler     : ErrorResponse(message=Q&A 게시글이 없습니다., code=Q_001)
2025-06-02T16:33:51.362+09:00 TRACE 18716 --- [    Test worker] o.s.s.w.header.writers.HstsHeaderWriter  : Not injecting HSTS header since it did not match request to [Is Secure]

MockHttpServletRequest:
      HTTP Method = GET
      Request URI = /api/v1/qnas/14/comments
       Parameters = {}
          Headers = [Accept:"application/json"]
             Body = null
    Session Attrs = {SPRING_SECURITY_CONTEXT=SecurityContextImpl [Authentication=UsernamePasswordAuthenticationToken [Principal=org.springframework.security.core.userdetails.User [Username=guardianUser, Password=[PROTECTED], Enabled=true, AccountNonExpired=true, CredentialsNonExpired=true, AccountNonLocked=true, Granted Authorities=[ROLE_GUARDIAN]], Credentials=[PROTECTED], Authenticated=true, Details=null, Granted Authorities=[ROLE_GUARDIAN]]]}

Handler:
             Type = com.ssginc8.docto.qna.controller.CommentController
           Method = com.ssginc8.docto.qna.controller.CommentController#getCommentsByPost(Long)

Async:
    Async started = false
     Async result = null

Resolved Exception:
             Type = com.ssginc8.docto.global.error.exception.qnaException.QnaNotFoundException

ModelAndView:
        View name = null
             View = null
            Model = null

FlashMap:
       Attributes = null

MockHttpServletResponse:
           Status = 404
    Error message = null
          Headers = [Content-Type:"application/json", X-Content-Type-Options:"nosniff", X-XSS-Protection:"0", Cache-Control:"no-cache, no-store, max-age=0, must-revalidate", Pragma:"no-cache", Expires:"0", X-Frame-Options:"DENY"]
     Content type = application/json
             Body = {"message":"Q&A 게시글이 없습니다.","code":"Q_001"}
    Forwarded URL = null
   Redirected URL = null
          Cookies = []
2025-06-02T16:33:51.368+09:00 TRACE 18716 --- [    Test worker] w.c.HttpSessionSecurityContextRepository : No HttpSession currently exists
2025-06-02T16:33:51.368+09:00 TRACE 18716 --- [    Test worker] w.c.HttpSessionSecurityContextRepository : Created SecurityContextImpl [Null authentication]
2025-06-02T16:33:51.368+09:00 TRACE 18716 --- [    Test worker] .s.s.w.c.SupplierDeferredSecurityContext : Created SecurityContextImpl [Null authentication]
2025-06-02T16:33:51.368+09:00 DEBUG 18716 --- [    Test worker] w.c.HttpSessionSecurityContextRepository : Created HttpSession as SecurityContext is non-default
2025-06-02T16:33:51.368+09:00 DEBUG 18716 --- [    Test worker] w.c.HttpSessionSecurityContextRepository : Stored SecurityContextImpl [Authentication=UsernamePasswordAuthenticationToken [Principal=org.springframework.security.core.userdetails.User [Username=guardianUser, Password=[PROTECTED], Enabled=true, AccountNonExpired=true, CredentialsNonExpired=true, AccountNonLocked=true, Granted Authorities=[ROLE_GUARDIAN]], Credentials=[PROTECTED], Authenticated=true, Details=null, Granted Authorities=[ROLE_GUARDIAN]]] to HttpSession [org.springframework.mock.web.MockHttpSession@7a95ed24]
2025-06-02T16:33:51.368+09:00 TRACE 18716 --- [    Test worker] o.s.security.web.FilterChainProxy        : Trying to match request against DefaultSecurityFilterChain defined as 'filterChain' in [class path resource [com/ssginc8/docto/auth/config/SecurityConfig.class]] matching [any request] and having filters [DisableEncodeUrl, WebAsyncManagerIntegration, SecurityContextHolder, HeaderWriter, Logout, OAuth2AuthorizationRequestRedirect, OAuth2LoginAuthentication, TokenAuthentication, RequestCacheAware, SecurityContextHolderAwareRequest, AnonymousAuthentication, ExceptionTranslation, Authorization] (1/1)
2025-06-02T16:33:51.370+09:00 DEBUG 18716 --- [    Test worker] o.s.security.web.FilterChainProxy        : Securing DELETE /api/v1/qnas/comments/16
2025-06-02T16:33:51.370+09:00 TRACE 18716 --- [    Test worker] o.s.security.web.FilterChainProxy        : Invoking DisableEncodeUrlFilter (1/13)
2025-06-02T16:33:51.370+09:00 TRACE 18716 --- [    Test worker] o.s.security.web.FilterChainProxy        : Invoking WebAsyncManagerIntegrationFilter (2/13)
2025-06-02T16:33:51.370+09:00 TRACE 18716 --- [    Test worker] o.s.security.web.FilterChainProxy        : Invoking SecurityContextHolderFilter (3/13)
2025-06-02T16:33:51.370+09:00 TRACE 18716 --- [    Test worker] o.s.security.web.FilterChainProxy        : Invoking HeaderWriterFilter (4/13)
2025-06-02T16:33:51.370+09:00 TRACE 18716 --- [    Test worker] o.s.security.web.FilterChainProxy        : Invoking LogoutFilter (5/13)
2025-06-02T16:33:51.370+09:00 TRACE 18716 --- [    Test worker] o.s.s.w.a.logout.LogoutFilter            : Did not match request to Or [Ant [pattern='/api/v1/auth/logout', GET], Ant [pattern='/api/v1/auth/logout', POST], Ant [pattern='/api/v1/auth/logout', PUT], Ant [pattern='/api/v1/auth/logout', DELETE]]
2025-06-02T16:33:51.370+09:00 TRACE 18716 --- [    Test worker] o.s.security.web.FilterChainProxy        : Invoking OAuth2AuthorizationRequestRedirectFilter (6/13)
2025-06-02T16:33:51.370+09:00 TRACE 18716 --- [    Test worker] o.s.security.web.FilterChainProxy        : Invoking OAuth2LoginAuthenticationFilter (7/13)
2025-06-02T16:33:51.370+09:00 TRACE 18716 --- [    Test worker] .s.o.c.w.OAuth2LoginAuthenticationFilter : Did not match request to Ant [pattern='/api/v1/auth/callback/*']
2025-06-02T16:33:51.370+09:00 TRACE 18716 --- [    Test worker] o.s.security.web.FilterChainProxy        : Invoking TokenAuthenticationFilter (8/13)
2025-06-02T16:33:51.370+09:00  INFO 18716 --- [    Test worker] c.s.d.a.j.f.TokenAuthenticationFilter    : ----------------------필터 동작-----------------------
2025-06-02T16:33:51.372+09:00 TRACE 18716 --- [    Test worker] o.s.security.web.FilterChainProxy        : Invoking RequestCacheAwareFilter (9/13)
2025-06-02T16:33:51.373+09:00 TRACE 18716 --- [    Test worker] o.s.s.w.s.HttpSessionRequestCache        : matchingRequestParameterName is required for getMatchingRequest to lookup a value, but not provided
2025-06-02T16:33:51.373+09:00 TRACE 18716 --- [    Test worker] o.s.security.web.FilterChainProxy        : Invoking SecurityContextHolderAwareRequestFilter (10/13)
2025-06-02T16:33:51.373+09:00 TRACE 18716 --- [    Test worker] o.s.security.web.FilterChainProxy        : Invoking AnonymousAuthenticationFilter (11/13)
2025-06-02T16:33:51.373+09:00 TRACE 18716 --- [    Test worker] o.s.security.web.FilterChainProxy        : Invoking ExceptionTranslationFilter (12/13)
2025-06-02T16:33:51.373+09:00 TRACE 18716 --- [    Test worker] o.s.security.web.FilterChainProxy        : Invoking AuthorizationFilter (13/13)
2025-06-02T16:33:51.373+09:00 TRACE 18716 --- [    Test worker] estMatcherDelegatingAuthorizationManager : Authorizing DELETE /api/v1/qnas/comments/16
2025-06-02T16:33:51.373+09:00 TRACE 18716 --- [    Test worker] estMatcherDelegatingAuthorizationManager : Checking authorization on DELETE /api/v1/qnas/comments/16 using AuthorityAuthorizationManager[authorities=[ROLE_GUARDIAN]]
2025-06-02T16:33:51.374+09:00 TRACE 18716 --- [    Test worker] w.c.HttpSessionSecurityContextRepository : Retrieved SecurityContextImpl [Authentication=UsernamePasswordAuthenticationToken [Principal=org.springframework.security.core.userdetails.User [Username=guardianUser, Password=[PROTECTED], Enabled=true, AccountNonExpired=true, CredentialsNonExpired=true, AccountNonLocked=true, Granted Authorities=[ROLE_GUARDIAN]], Credentials=[PROTECTED], Authenticated=true, Details=null, Granted Authorities=[ROLE_GUARDIAN]]] from SPRING_SECURITY_CONTEXT
2025-06-02T16:33:51.374+09:00 TRACE 18716 --- [    Test worker] o.s.s.w.a.AnonymousAuthenticationFilter  : Did not set SecurityContextHolder since already authenticated UsernamePasswordAuthenticationToken [Principal=org.springframework.security.core.userdetails.User [Username=guardianUser, Password=[PROTECTED], Enabled=true, AccountNonExpired=true, CredentialsNonExpired=true, AccountNonLocked=true, Granted Authorities=[ROLE_GUARDIAN]], Credentials=[PROTECTED], Authenticated=true, Details=null, Granted Authorities=[ROLE_GUARDIAN]]
2025-06-02T16:33:51.374+09:00 DEBUG 18716 --- [    Test worker] o.s.security.web.FilterChainProxy        : Secured DELETE /api/v1/qnas/comments/16
Hibernate: 
    select
        qc1_0.qna_comment_id,
        qc1_0.content,
        qc1_0.created_at,
        qc1_0.deleted_at,
        qc1_0.qna_post_id,
        qc1_0.updated_at 
    from
        tbl_qna_comment qc1_0 
    where
        qc1_0.qna_comment_id=?
2025-06-02T16:33:51.380+09:00 TRACE 18716 --- [    Test worker] o.s.s.w.header.writers.HstsHeaderWriter  : Not injecting HSTS header since it did not match request to [Is Secure]
2025-06-02T16:33:51.409+09:00 TRACE 18716 --- [    Test worker] w.c.HttpSessionSecurityContextRepository : No HttpSession currently exists
2025-06-02T16:33:51.409+09:00 TRACE 18716 --- [    Test worker] w.c.HttpSessionSecurityContextRepository : Created SecurityContextImpl [Null authentication]
2025-06-02T16:33:51.409+09:00 TRACE 18716 --- [    Test worker] .s.s.w.c.SupplierDeferredSecurityContext : Created SecurityContextImpl [Null authentication]
2025-06-02T16:33:51.409+09:00 DEBUG 18716 --- [    Test worker] w.c.HttpSessionSecurityContextRepository : Created HttpSession as SecurityContext is non-default
2025-06-02T16:33:51.409+09:00 DEBUG 18716 --- [    Test worker] w.c.HttpSessionSecurityContextRepository : Stored SecurityContextImpl [Authentication=UsernamePasswordAuthenticationToken [Principal=org.springframework.security.core.userdetails.User [Username=guardianUser, Password=[PROTECTED], Enabled=true, AccountNonExpired=true, CredentialsNonExpired=true, AccountNonLocked=true, Granted Authorities=[ROLE_GUARDIAN]], Credentials=[PROTECTED], Authenticated=true, Details=null, Granted Authorities=[ROLE_GUARDIAN]]] to HttpSession [org.springframework.mock.web.MockHttpSession@4467b5dd]
2025-06-02T16:33:51.410+09:00 TRACE 18716 --- [    Test worker] o.s.security.web.FilterChainProxy        : Trying to match request against DefaultSecurityFilterChain defined as 'filterChain' in [class path resource [com/ssginc8/docto/auth/config/SecurityConfig.class]] matching [any request] and having filters [DisableEncodeUrl, WebAsyncManagerIntegration, SecurityContextHolder, HeaderWriter, Logout, OAuth2AuthorizationRequestRedirect, OAuth2LoginAuthentication, TokenAuthentication, RequestCacheAware, SecurityContextHolderAwareRequest, AnonymousAuthentication, ExceptionTranslation, Authorization] (1/1)
2025-06-02T16:33:51.410+09:00 DEBUG 18716 --- [    Test worker] o.s.security.web.FilterChainProxy        : Securing GET /api/v1/qnas/comments/18
2025-06-02T16:33:51.410+09:00 TRACE 18716 --- [    Test worker] o.s.security.web.FilterChainProxy        : Invoking DisableEncodeUrlFilter (1/13)
2025-06-02T16:33:51.410+09:00 TRACE 18716 --- [    Test worker] o.s.security.web.FilterChainProxy        : Invoking WebAsyncManagerIntegrationFilter (2/13)
2025-06-02T16:33:51.410+09:00 TRACE 18716 --- [    Test worker] o.s.security.web.FilterChainProxy        : Invoking SecurityContextHolderFilter (3/13)
2025-06-02T16:33:51.410+09:00 TRACE 18716 --- [    Test worker] o.s.security.web.FilterChainProxy        : Invoking HeaderWriterFilter (4/13)
2025-06-02T16:33:51.410+09:00 TRACE 18716 --- [    Test worker] o.s.security.web.FilterChainProxy        : Invoking LogoutFilter (5/13)
2025-06-02T16:33:51.410+09:00 TRACE 18716 --- [    Test worker] o.s.s.w.a.logout.LogoutFilter            : Did not match request to Or [Ant [pattern='/api/v1/auth/logout', GET], Ant [pattern='/api/v1/auth/logout', POST], Ant [pattern='/api/v1/auth/logout', PUT], Ant [pattern='/api/v1/auth/logout', DELETE]]
2025-06-02T16:33:51.410+09:00 TRACE 18716 --- [    Test worker] o.s.security.web.FilterChainProxy        : Invoking OAuth2AuthorizationRequestRedirectFilter (6/13)
2025-06-02T16:33:51.410+09:00 TRACE 18716 --- [    Test worker] o.s.security.web.FilterChainProxy        : Invoking OAuth2LoginAuthenticationFilter (7/13)
2025-06-02T16:33:51.410+09:00 TRACE 18716 --- [    Test worker] .s.o.c.w.OAuth2LoginAuthenticationFilter : Did not match request to Ant [pattern='/api/v1/auth/callback/*']
2025-06-02T16:33:51.410+09:00 TRACE 18716 --- [    Test worker] o.s.security.web.FilterChainProxy        : Invoking TokenAuthenticationFilter (8/13)
2025-06-02T16:33:51.410+09:00  INFO 18716 --- [    Test worker] c.s.d.a.j.f.TokenAuthenticationFilter    : ----------------------필터 동작-----------------------
2025-06-02T16:33:51.410+09:00 TRACE 18716 --- [    Test worker] o.s.security.web.FilterChainProxy        : Invoking RequestCacheAwareFilter (9/13)
2025-06-02T16:33:51.410+09:00 TRACE 18716 --- [    Test worker] o.s.s.w.s.HttpSessionRequestCache        : matchingRequestParameterName is required for getMatchingRequest to lookup a value, but not provided
2025-06-02T16:33:51.410+09:00 TRACE 18716 --- [    Test worker] o.s.security.web.FilterChainProxy        : Invoking SecurityContextHolderAwareRequestFilter (10/13)
2025-06-02T16:33:51.410+09:00 TRACE 18716 --- [    Test worker] o.s.security.web.FilterChainProxy        : Invoking AnonymousAuthenticationFilter (11/13)
2025-06-02T16:33:51.410+09:00 TRACE 18716 --- [    Test worker] o.s.security.web.FilterChainProxy        : Invoking ExceptionTranslationFilter (12/13)
2025-06-02T16:33:51.410+09:00 TRACE 18716 --- [    Test worker] o.s.security.web.FilterChainProxy        : Invoking AuthorizationFilter (13/13)
2025-06-02T16:33:51.410+09:00 TRACE 18716 --- [    Test worker] estMatcherDelegatingAuthorizationManager : Authorizing GET /api/v1/qnas/comments/18
2025-06-02T16:33:51.411+09:00 TRACE 18716 --- [    Test worker] estMatcherDelegatingAuthorizationManager : Checking authorization on GET /api/v1/qnas/comments/18 using org.springframework.security.authorization.AuthenticatedAuthorizationManager@12446614
2025-06-02T16:33:51.411+09:00 TRACE 18716 --- [    Test worker] w.c.HttpSessionSecurityContextRepository : Retrieved SecurityContextImpl [Authentication=UsernamePasswordAuthenticationToken [Principal=org.springframework.security.core.userdetails.User [Username=guardianUser, Password=[PROTECTED], Enabled=true, AccountNonExpired=true, CredentialsNonExpired=true, AccountNonLocked=true, Granted Authorities=[ROLE_GUARDIAN]], Credentials=[PROTECTED], Authenticated=true, Details=null, Granted Authorities=[ROLE_GUARDIAN]]] from SPRING_SECURITY_CONTEXT
2025-06-02T16:33:51.411+09:00 TRACE 18716 --- [    Test worker] o.s.s.w.a.AnonymousAuthenticationFilter  : Did not set SecurityContextHolder since already authenticated UsernamePasswordAuthenticationToken [Principal=org.springframework.security.core.userdetails.User [Username=guardianUser, Password=[PROTECTED], Enabled=true, AccountNonExpired=true, CredentialsNonExpired=true, AccountNonLocked=true, Granted Authorities=[ROLE_GUARDIAN]], Credentials=[PROTECTED], Authenticated=true, Details=null, Granted Authorities=[ROLE_GUARDIAN]]
2025-06-02T16:33:51.411+09:00 DEBUG 18716 --- [    Test worker] o.s.security.web.FilterChainProxy        : Secured GET /api/v1/qnas/comments/18
Hibernate: 
    select
        qc1_0.qna_comment_id,
        qc1_0.content,
        qc1_0.created_at,
        qc1_0.deleted_at,
        qc1_0.qna_post_id,
        qc1_0.updated_at 
    from
        tbl_qna_comment qc1_0 
    where
        qc1_0.qna_comment_id=?
2025-06-02T16:33:51.415+09:00  INFO 18716 --- [    Test worker] c.s.d.g.error.GlobalExceptionHandler     : =============================================
2025-06-02T16:33:51.415+09:00  INFO 18716 --- [    Test worker] c.s.d.g.error.GlobalExceptionHandler     : ErrorResponse(message=답변이 없습니다., code=C_001)
2025-06-02T16:33:51.415+09:00 TRACE 18716 --- [    Test worker] o.s.s.w.header.writers.HstsHeaderWriter  : Not injecting HSTS header since it did not match request to [Is Secure]

MockHttpServletRequest:
      HTTP Method = GET
      Request URI = /api/v1/qnas/comments/18
       Parameters = {}
          Headers = [Accept:"application/json"]
             Body = null
    Session Attrs = {SPRING_SECURITY_CONTEXT=SecurityContextImpl [Authentication=UsernamePasswordAuthenticationToken [Principal=org.springframework.security.core.userdetails.User [Username=guardianUser, Password=[PROTECTED], Enabled=true, AccountNonExpired=true, CredentialsNonExpired=true, AccountNonLocked=true, Granted Authorities=[ROLE_GUARDIAN]], Credentials=[PROTECTED], Authenticated=true, Details=null, Granted Authorities=[ROLE_GUARDIAN]]]}

Handler:
             Type = com.ssginc8.docto.qna.controller.CommentController
           Method = com.ssginc8.docto.qna.controller.CommentController#getComment(Long)

Async:
    Async started = false
     Async result = null

Resolved Exception:
             Type = com.ssginc8.docto.global.error.exception.commentException.CommentNotFoundException

ModelAndView:
        View name = null
             View = null
            Model = null

FlashMap:
       Attributes = null

MockHttpServletResponse:
           Status = 404
    Error message = null
          Headers = [Content-Type:"application/json", X-Content-Type-Options:"nosniff", X-XSS-Protection:"0", Cache-Control:"no-cache, no-store, max-age=0, must-revalidate", Pragma:"no-cache", Expires:"0", X-Frame-Options:"DENY"]
     Content type = application/json
             Body = {"message":"답변이 없습니다.","code":"C_001"}
    Forwarded URL = null
   Redirected URL = null
          Cookies = []
]]></system-out>
  <system-err><![CDATA[com.ssginc8.docto.global.error.exception.commentException.CommentNotFoundException: 답변이 없습니다.
	at java.base/java.util.Optional.orElseThrow(Optional.java:403)
	at com.ssginc8.docto.qna.provider.CommentProvider.getById(CommentProvider.java:25)
	at java.base/jdk.internal.reflect.NativeMethodAccessorImpl.invoke0(Native Method)
	at java.base/jdk.internal.reflect.NativeMethodAccessorImpl.invoke(NativeMethodAccessorImpl.java:77)
	at java.base/jdk.internal.reflect.DelegatingMethodAccessorImpl.invoke(DelegatingMethodAccessorImpl.java:43)
	at java.base/java.lang.reflect.Method.invoke(Method.java:569)
	at org.springframework.aop.support.AopUtils.invokeJoinpointUsingReflection(AopUtils.java:359)
	at org.springframework.aop.framework.ReflectiveMethodInvocation.invokeJoinpoint(ReflectiveMethodInvocation.java:196)
	at org.springframework.aop.framework.ReflectiveMethodInvocation.proceed(ReflectiveMethodInvocation.java:163)
	at org.springframework.transaction.interceptor.TransactionAspectSupport.invokeWithinTransaction(TransactionAspectSupport.java:380)
	at org.springframework.transaction.interceptor.TransactionInterceptor.invoke(TransactionInterceptor.java:119)
	at org.springframework.aop.framework.ReflectiveMethodInvocation.proceed(ReflectiveMethodInvocation.java:184)
	at org.springframework.aop.framework.CglibAopProxy$DynamicAdvisedInterceptor.intercept(CglibAopProxy.java:728)
	at com.ssginc8.docto.qna.provider.CommentProvider$$SpringCGLIB$$0.getById(<generated>)
	at com.ssginc8.docto.qna.service.CommentServiceImpl.updateComment(CommentServiceImpl.java:60)
	at java.base/jdk.internal.reflect.NativeMethodAccessorImpl.invoke0(Native Method)
	at java.base/jdk.internal.reflect.NativeMethodAccessorImpl.invoke(NativeMethodAccessorImpl.java:77)
	at java.base/jdk.internal.reflect.DelegatingMethodAccessorImpl.invoke(DelegatingMethodAccessorImpl.java:43)
	at java.base/java.lang.reflect.Method.invoke(Method.java:569)
	at org.springframework.aop.support.AopUtils.invokeJoinpointUsingReflection(AopUtils.java:359)
	at org.springframework.aop.framework.ReflectiveMethodInvocation.invokeJoinpoint(ReflectiveMethodInvocation.java:196)
	at org.springframework.aop.framework.ReflectiveMethodInvocation.proceed(ReflectiveMethodInvocation.java:163)
	at org.springframework.transaction.interceptor.TransactionAspectSupport.invokeWithinTransaction(TransactionAspectSupport.java:380)
	at org.springframework.transaction.interceptor.TransactionInterceptor.invoke(TransactionInterceptor.java:119)
	at org.springframework.aop.framework.ReflectiveMethodInvocation.proceed(ReflectiveMethodInvocation.java:184)
	at org.springframework.aop.framework.CglibAopProxy$DynamicAdvisedInterceptor.intercept(CglibAopProxy.java:728)
	at com.ssginc8.docto.qna.service.CommentServiceImpl$$SpringCGLIB$$0.updateComment(<generated>)
	at com.ssginc8.docto.qna.controller.CommentController.updateComment(CommentController.java:46)
	at java.base/jdk.internal.reflect.NativeMethodAccessorImpl.invoke0(Native Method)
	at java.base/jdk.internal.reflect.NativeMethodAccessorImpl.invoke(NativeMethodAccessorImpl.java:77)
	at java.base/jdk.internal.reflect.DelegatingMethodAccessorImpl.invoke(DelegatingMethodAccessorImpl.java:43)
	at java.base/java.lang.reflect.Method.invoke(Method.java:569)
	at org.springframework.web.method.support.InvocableHandlerMethod.doInvoke(InvocableHandlerMethod.java:258)
	at org.springframework.web.method.support.InvocableHandlerMethod.invokeForRequest(InvocableHandlerMethod.java:191)
	at org.springframework.web.servlet.mvc.method.annotation.ServletInvocableHandlerMethod.invokeAndHandle(ServletInvocableHandlerMethod.java:118)
	at org.springframework.web.servlet.mvc.method.annotation.RequestMappingHandlerAdapter.invokeHandlerMethod(RequestMappingHandlerAdapter.java:986)
	at org.springframework.web.servlet.mvc.method.annotation.RequestMappingHandlerAdapter.handleInternal(RequestMappingHandlerAdapter.java:891)
	at org.springframework.web.servlet.mvc.method.AbstractHandlerMethodAdapter.handle(AbstractHandlerMethodAdapter.java:87)
	at org.springframework.web.servlet.DispatcherServlet.doDispatch(DispatcherServlet.java:1089)
	at org.springframework.web.servlet.DispatcherServlet.doService(DispatcherServlet.java:979)
	at org.springframework.web.servlet.FrameworkServlet.processRequest(FrameworkServlet.java:1014)
	at org.springframework.web.servlet.FrameworkServlet.service(FrameworkServlet.java:888)
	at org.springframework.test.web.servlet.TestDispatcherServlet.service(TestDispatcherServlet.java:72)
	at jakarta.servlet.http.HttpServlet.service(HttpServlet.java:614)
	at org.springframework.mock.web.MockFilterChain$ServletFilterProxy.doFilter(MockFilterChain.java:165)
	at org.springframework.mock.web.MockFilterChain.doFilter(MockFilterChain.java:132)
	at org.springframework.web.filter.CompositeFilter$VirtualFilterChain.doFilter(CompositeFilter.java:108)
	at org.springframework.security.web.FilterChainProxy.lambda$doFilterInternal$3(FilterChainProxy.java:231)
	at org.springframework.security.web.FilterChainProxy$VirtualFilterChain.doFilter(FilterChainProxy.java:365)
	at org.springframework.security.web.access.intercept.AuthorizationFilter.doFilter(AuthorizationFilter.java:101)
	at org.springframework.security.web.FilterChainProxy$VirtualFilterChain.doFilter(FilterChainProxy.java:374)
	at org.springframework.security.web.access.ExceptionTranslationFilter.doFilter(ExceptionTranslationFilter.java:126)
	at org.springframework.security.web.access.ExceptionTranslationFilter.doFilter(ExceptionTranslationFilter.java:120)
	at org.springframework.security.web.FilterChainProxy$VirtualFilterChain.doFilter(FilterChainProxy.java:374)
	at org.springframework.security.web.authentication.AnonymousAuthenticationFilter.doFilter(AnonymousAuthenticationFilter.java:100)
	at org.springframework.security.web.FilterChainProxy$VirtualFilterChain.doFilter(FilterChainProxy.java:374)
	at org.springframework.security.web.servletapi.SecurityContextHolderAwareRequestFilter.doFilter(SecurityContextHolderAwareRequestFilter.java:179)
	at org.springframework.security.web.FilterChainProxy$VirtualFilterChain.doFilter(FilterChainProxy.java:374)
	at org.springframework.security.web.savedrequest.RequestCacheAwareFilter.doFilter(RequestCacheAwareFilter.java:63)
	at org.springframework.security.web.FilterChainProxy$VirtualFilterChain.doFilter(FilterChainProxy.java:374)
	at com.ssginc8.docto.auth.jwt.filter.TokenAuthenticationFilter.doFilterInternal(TokenAuthenticationFilter.java:57)
	at org.springframework.web.filter.OncePerRequestFilter.doFilter(OncePerRequestFilter.java:116)
	at org.springframework.security.web.FilterChainProxy$VirtualFilterChain.doFilter(FilterChainProxy.java:374)
	at org.springframework.security.web.authentication.AbstractAuthenticationProcessingFilter.doFilter(AbstractAuthenticationProcessingFilter.java:227)
	at org.springframework.security.web.authentication.AbstractAuthenticationProcessingFilter.doFilter(AbstractAuthenticationProcessingFilter.java:221)
	at org.springframework.security.web.FilterChainProxy$VirtualFilterChain.doFilter(FilterChainProxy.java:374)
	at org.springframework.security.oauth2.client.web.OAuth2AuthorizationRequestRedirectFilter.doFilterInternal(OAuth2AuthorizationRequestRedirectFilter.java:198)
	at org.springframework.web.filter.OncePerRequestFilter.doFilter(OncePerRequestFilter.java:116)
	at org.springframework.security.web.FilterChainProxy$VirtualFilterChain.doFilter(FilterChainProxy.java:374)
	at org.springframework.security.web.authentication.logout.LogoutFilter.doFilter(LogoutFilter.java:107)
	at org.springframework.security.web.authentication.logout.LogoutFilter.doFilter(LogoutFilter.java:93)
	at org.springframework.security.web.FilterChainProxy$VirtualFilterChain.doFilter(FilterChainProxy.java:374)
	at org.springframework.security.web.header.HeaderWriterFilter.doHeadersAfter(HeaderWriterFilter.java:90)
	at org.springframework.security.web.header.HeaderWriterFilter.doFilterInternal(HeaderWriterFilter.java:75)
	at org.springframework.web.filter.OncePerRequestFilter.doFilter(OncePerRequestFilter.java:116)
	at org.springframework.security.web.FilterChainProxy$VirtualFilterChain.doFilter(FilterChainProxy.java:374)
	at org.springframework.security.web.context.SecurityContextHolderFilter.doFilter(SecurityContextHolderFilter.java:82)
	at org.springframework.security.web.context.SecurityContextHolderFilter.doFilter(SecurityContextHolderFilter.java:69)
	at org.springframework.security.web.FilterChainProxy$VirtualFilterChain.doFilter(FilterChainProxy.java:374)
	at org.springframework.security.web.context.request.async.WebAsyncManagerIntegrationFilter.doFilterInternal(WebAsyncManagerIntegrationFilter.java:62)
	at org.springframework.web.filter.OncePerRequestFilter.doFilter(OncePerRequestFilter.java:116)
	at org.springframework.security.web.FilterChainProxy$VirtualFilterChain.doFilter(FilterChainProxy.java:374)
	at org.springframework.security.web.session.DisableEncodeUrlFilter.doFilterInternal(DisableEncodeUrlFilter.java:42)
	at org.springframework.web.filter.OncePerRequestFilter.doFilter(OncePerRequestFilter.java:116)
	at org.springframework.security.web.FilterChainProxy$VirtualFilterChain.doFilter(FilterChainProxy.java:374)
	at org.springframework.security.web.FilterChainProxy.doFilterInternal(FilterChainProxy.java:233)
	at org.springframework.security.web.FilterChainProxy.doFilter(FilterChainProxy.java:191)
	at org.springframework.web.filter.CompositeFilter$VirtualFilterChain.doFilter(CompositeFilter.java:113)
	at org.springframework.web.servlet.handler.HandlerMappingIntrospector.lambda$createCacheFilter$3(HandlerMappingIntrospector.java:243)
	at org.springframework.web.filter.CompositeFilter$VirtualFilterChain.doFilter(CompositeFilter.java:113)
	at org.springframework.web.filter.CompositeFilter.doFilter(CompositeFilter.java:74)
	at org.springframework.security.config.annotation.web.configuration.WebMvcSecurityConfiguration$CompositeFilterChainProxy.doFilter(WebMvcSecurityConfiguration.java:238)
	at org.springframework.web.filter.DelegatingFilterProxy.invokeDelegate(DelegatingFilterProxy.java:362)
	at org.springframework.web.filter.DelegatingFilterProxy.doFilter(DelegatingFilterProxy.java:278)
	at org.springframework.test.web.servlet.setup.MockMvcFilterDecorator.doFilter(MockMvcFilterDecorator.java:162)
	at org.springframework.mock.web.MockFilterChain.doFilter(MockFilterChain.java:132)
	at org.springframework.web.filter.RequestContextFilter.doFilterInternal(RequestContextFilter.java:100)
	at org.springframework.web.filter.OncePerRequestFilter.doFilter(OncePerRequestFilter.java:116)
	at org.springframework.test.web.servlet.setup.MockMvcFilterDecorator.doFilter(MockMvcFilterDecorator.java:162)
	at org.springframework.mock.web.MockFilterChain.doFilter(MockFilterChain.java:132)
	at org.springframework.web.filter.FormContentFilter.doFilterInternal(FormContentFilter.java:93)
	at org.springframework.web.filter.OncePerRequestFilter.doFilter(OncePerRequestFilter.java:116)
	at org.springframework.test.web.servlet.setup.MockMvcFilterDecorator.doFilter(MockMvcFilterDecorator.java:162)
	at org.springframework.mock.web.MockFilterChain.doFilter(MockFilterChain.java:132)
	at org.springframework.web.filter.CharacterEncodingFilter.doFilterInternal(CharacterEncodingFilter.java:201)
	at org.springframework.web.filter.OncePerRequestFilter.doFilter(OncePerRequestFilter.java:116)
	at org.springframework.test.web.servlet.setup.MockMvcFilterDecorator.doFilter(MockMvcFilterDecorator.java:162)
	at org.springframework.mock.web.MockFilterChain.doFilter(MockFilterChain.java:132)
	at org.springframework.test.web.servlet.MockMvc.perform(MockMvc.java:201)
	at com.ssginc8.docto.qna.controller.CommentControllerTest.updateComment(CommentControllerTest.java:122)
	at java.base/jdk.internal.reflect.NativeMethodAccessorImpl.invoke0(Native Method)
	at java.base/jdk.internal.reflect.NativeMethodAccessorImpl.invoke(NativeMethodAccessorImpl.java:77)
	at java.base/jdk.internal.reflect.DelegatingMethodAccessorImpl.invoke(DelegatingMethodAccessorImpl.java:43)
	at java.base/java.lang.reflect.Method.invoke(Method.java:569)
	at org.junit.platform.commons.util.ReflectionUtils.invokeMethod(ReflectionUtils.java:767)
	at org.junit.jupiter.engine.execution.MethodInvocation.proceed(MethodInvocation.java:60)
	at org.junit.jupiter.engine.execution.InvocationInterceptorChain$ValidatingInvocation.proceed(InvocationInterceptorChain.java:131)
	at org.junit.jupiter.engine.extension.TimeoutExtension.intercept(TimeoutExtension.java:156)
	at org.junit.jupiter.engine.extension.TimeoutExtension.interceptTestableMethod(TimeoutExtension.java:147)
	at org.junit.jupiter.engine.extension.TimeoutExtension.interceptTestMethod(TimeoutExtension.java:86)
	at org.junit.jupiter.engine.execution.InterceptingExecutableInvoker$ReflectiveInterceptorCall.lambda$ofVoidMethod$0(InterceptingExecutableInvoker.java:103)
	at org.junit.jupiter.engine.execution.InterceptingExecutableInvoker.lambda$invoke$0(InterceptingExecutableInvoker.java:93)
	at org.junit.jupiter.engine.execution.InvocationInterceptorChain$InterceptedInvocation.proceed(InvocationInterceptorChain.java:106)
	at org.junit.jupiter.engine.execution.InvocationInterceptorChain.proceed(InvocationInterceptorChain.java:64)
	at org.junit.jupiter.engine.execution.InvocationInterceptorChain.chainAndInvoke(InvocationInterceptorChain.java:45)
	at org.junit.jupiter.engine.execution.InvocationInterceptorChain.invoke(InvocationInterceptorChain.java:37)
	at org.junit.jupiter.engine.execution.InterceptingExecutableInvoker.invoke(InterceptingExecutableInvoker.java:92)
	at org.junit.jupiter.engine.execution.InterceptingExecutableInvoker.invoke(InterceptingExecutableInvoker.java:86)
	at org.junit.jupiter.engine.descriptor.TestMethodTestDescriptor.lambda$invokeTestMethod$8(TestMethodTestDescriptor.java:217)
	at org.junit.platform.engine.support.hierarchical.ThrowableCollector.execute(ThrowableCollector.java:73)
	at org.junit.jupiter.engine.descriptor.TestMethodTestDescriptor.invokeTestMethod(TestMethodTestDescriptor.java:213)
	at org.junit.jupiter.engine.descriptor.TestMethodTestDescriptor.execute(TestMethodTestDescriptor.java:138)
	at org.junit.jupiter.engine.descriptor.TestMethodTestDescriptor.execute(TestMethodTestDescriptor.java:68)
	at org.junit.platform.engine.support.hierarchical.NodeTestTask.lambda$executeRecursively$6(NodeTestTask.java:156)
	at org.junit.platform.engine.support.hierarchical.ThrowableCollector.execute(ThrowableCollector.java:73)
	at org.junit.platform.engine.support.hierarchical.NodeTestTask.lambda$executeRecursively$8(NodeTestTask.java:146)
	at org.junit.platform.engine.support.hierarchical.Node.around(Node.java:137)
	at org.junit.platform.engine.support.hierarchical.NodeTestTask.lambda$executeRecursively$9(NodeTestTask.java:144)
	at org.junit.platform.engine.support.hierarchical.ThrowableCollector.execute(ThrowableCollector.java:73)
	at org.junit.platform.engine.support.hierarchical.NodeTestTask.executeRecursively(NodeTestTask.java:143)
	at org.junit.platform.engine.support.hierarchical.NodeTestTask.execute(NodeTestTask.java:100)
	at java.base/java.util.ArrayList.forEach(ArrayList.java:1511)
	at org.junit.platform.engine.support.hierarchical.SameThreadHierarchicalTestExecutorService.invokeAll(SameThreadHierarchicalTestExecutorService.java:41)
	at org.junit.platform.engine.support.hierarchical.NodeTestTask.lambda$executeRecursively$6(NodeTestTask.java:160)
	at org.junit.platform.engine.support.hierarchical.ThrowableCollector.execute(ThrowableCollector.java:73)
	at org.junit.platform.engine.support.hierarchical.NodeTestTask.lambda$executeRecursively$8(NodeTestTask.java:146)
	at org.junit.platform.engine.support.hierarchical.Node.around(Node.java:137)
	at org.junit.platform.engine.support.hierarchical.NodeTestTask.lambda$executeRecursively$9(NodeTestTask.java:144)
	at org.junit.platform.engine.support.hierarchical.ThrowableCollector.execute(ThrowableCollector.java:73)
	at org.junit.platform.engine.support.hierarchical.NodeTestTask.executeRecursively(NodeTestTask.java:143)
	at org.junit.platform.engine.support.hierarchical.NodeTestTask.execute(NodeTestTask.java:100)
	at java.base/java.util.ArrayList.forEach(ArrayList.java:1511)
	at org.junit.platform.engine.support.hierarchical.SameThreadHierarchicalTestExecutorService.invokeAll(SameThreadHierarchicalTestExecutorService.java:41)
	at org.junit.platform.engine.support.hierarchical.NodeTestTask.lambda$executeRecursively$6(NodeTestTask.java:160)
	at org.junit.platform.engine.support.hierarchical.ThrowableCollector.execute(ThrowableCollector.java:73)
	at org.junit.platform.engine.support.hierarchical.NodeTestTask.lambda$executeRecursively$8(NodeTestTask.java:146)
	at org.junit.platform.engine.support.hierarchical.Node.around(Node.java:137)
	at org.junit.platform.engine.support.hierarchical.NodeTestTask.lambda$executeRecursively$9(NodeTestTask.java:144)
	at org.junit.platform.engine.support.hierarchical.ThrowableCollector.execute(ThrowableCollector.java:73)
	at org.junit.platform.engine.support.hierarchical.NodeTestTask.executeRecursively(NodeTestTask.java:143)
	at org.junit.platform.engine.support.hierarchical.NodeTestTask.execute(NodeTestTask.java:100)
	at org.junit.platform.engine.support.hierarchical.SameThreadHierarchicalTestExecutorService.submit(SameThreadHierarchicalTestExecutorService.java:35)
[...]
	at org.springframework.aop.framework.ReflectiveMethodInvocation.proceed(ReflectiveMethodInvocation.java:184)
	at org.springframework.aop.framework.CglibAopProxy$DynamicAdvisedInterceptor.intercept(CglibAopProxy.java:728)
	at com.ssginc8.docto.qna.provider.CommentProvider$$SpringCGLIB$$0.getById(<generated>)
	at com.ssginc8.docto.qna.service.CommentServiceImpl.getComment(CommentServiceImpl.java:75)
	at java.base/jdk.internal.reflect.NativeMethodAccessorImpl.invoke0(Native Method)
	at java.base/jdk.internal.reflect.NativeMethodAccessorImpl.invoke(NativeMethodAccessorImpl.java:77)
	at java.base/jdk.internal.reflect.DelegatingMethodAccessorImpl.invoke(DelegatingMethodAccessorImpl.java:43)
	at java.base/java.lang.reflect.Method.invoke(Method.java:569)
	at org.springframework.aop.support.AopUtils.invokeJoinpointUsingReflection(AopUtils.java:359)
	at org.springframework.aop.framework.ReflectiveMethodInvocation.invokeJoinpoint(ReflectiveMethodInvocation.java:196)
	at org.springframework.aop.framework.ReflectiveMethodInvocation.proceed(ReflectiveMethodInvocation.java:163)
	at org.springframework.transaction.interceptor.TransactionAspectSupport.invokeWithinTransaction(TransactionAspectSupport.java:380)
	at org.springframework.transaction.interceptor.TransactionInterceptor.invoke(TransactionInterceptor.java:119)
	at org.springframework.aop.framework.ReflectiveMethodInvocation.proceed(ReflectiveMethodInvocation.java:184)
	at org.springframework.aop.framework.CglibAopProxy$DynamicAdvisedInterceptor.intercept(CglibAopProxy.java:728)
	at com.ssginc8.docto.qna.service.CommentServiceImpl$$SpringCGLIB$$0.getComment(<generated>)
	at com.ssginc8.docto.qna.controller.CommentController.getComment(CommentController.java:56)
	at java.base/jdk.internal.reflect.NativeMethodAccessorImpl.invoke0(Native Method)
	at java.base/jdk.internal.reflect.NativeMethodAccessorImpl.invoke(NativeMethodAccessorImpl.java:77)
	at java.base/jdk.internal.reflect.DelegatingMethodAccessorImpl.invoke(DelegatingMethodAccessorImpl.java:43)
	at java.base/java.lang.reflect.Method.invoke(Method.java:569)
	at org.springframework.web.method.support.InvocableHandlerMethod.doInvoke(InvocableHandlerMethod.java:258)
	at org.springframework.web.method.support.InvocableHandlerMethod.invokeForRequest(InvocableHandlerMethod.java:191)
	at org.springframework.web.servlet.mvc.method.annotation.ServletInvocableHandlerMethod.invokeAndHandle(ServletInvocableHandlerMethod.java:118)
	at org.springframework.web.servlet.mvc.method.annotation.RequestMappingHandlerAdapter.invokeHandlerMethod(RequestMappingHandlerAdapter.java:986)
	at org.springframework.web.servlet.mvc.method.annotation.RequestMappingHandlerAdapter.handleInternal(RequestMappingHandlerAdapter.java:891)
	at org.springframework.web.servlet.mvc.method.AbstractHandlerMethodAdapter.handle(AbstractHandlerMethodAdapter.java:87)
	at org.springframework.web.servlet.DispatcherServlet.doDispatch(DispatcherServlet.java:1089)
	at org.springframework.web.servlet.DispatcherServlet.doService(DispatcherServlet.java:979)
	at org.springframework.web.servlet.FrameworkServlet.processRequest(FrameworkServlet.java:1014)
	at org.springframework.web.servlet.FrameworkServlet.doGet(FrameworkServlet.java:903)
	at jakarta.servlet.http.HttpServlet.service(HttpServlet.java:527)
	at org.springframework.web.servlet.FrameworkServlet.service(FrameworkServlet.java:885)
	at org.springframework.test.web.servlet.TestDispatcherServlet.service(TestDispatcherServlet.java:72)
	at jakarta.servlet.http.HttpServlet.service(HttpServlet.java:614)
	at org.springframework.mock.web.MockFilterChain$ServletFilterProxy.doFilter(MockFilterChain.java:165)
	at org.springframework.mock.web.MockFilterChain.doFilter(MockFilterChain.java:132)
	at org.springframework.web.filter.CompositeFilter$VirtualFilterChain.doFilter(CompositeFilter.java:108)
	at org.springframework.security.web.FilterChainProxy.lambda$doFilterInternal$3(FilterChainProxy.java:231)
	at org.springframework.security.web.FilterChainProxy$VirtualFilterChain.doFilter(FilterChainProxy.java:365)
	at org.springframework.security.web.access.intercept.AuthorizationFilter.doFilter(AuthorizationFilter.java:101)
	at org.springframework.security.web.FilterChainProxy$VirtualFilterChain.doFilter(FilterChainProxy.java:374)
	at org.springframework.security.web.access.ExceptionTranslationFilter.doFilter(ExceptionTranslationFilter.java:126)
	at org.springframework.security.web.access.ExceptionTranslationFilter.doFilter(ExceptionTranslationFilter.java:120)
	at org.springframework.security.web.FilterChainProxy$VirtualFilterChain.doFilter(FilterChainProxy.java:374)
	at org.springframework.security.web.authentication.AnonymousAuthenticationFilter.doFilter(AnonymousAuthenticationFilter.java:100)
	at org.springframework.security.web.FilterChainProxy$VirtualFilterChain.doFilter(FilterChainProxy.java:374)
	at org.springframework.security.web.servletapi.SecurityContextHolderAwareRequestFilter.doFilter(SecurityContextHolderAwareRequestFilter.java:179)
	at org.springframework.security.web.FilterChainProxy$VirtualFilterChain.doFilter(FilterChainProxy.java:374)
	at org.springframework.security.web.savedrequest.RequestCacheAwareFilter.doFilter(RequestCacheAwareFilter.java:63)
	at org.springframework.security.web.FilterChainProxy$VirtualFilterChain.doFilter(FilterChainProxy.java:374)
	at com.ssginc8.docto.auth.jwt.filter.TokenAuthenticationFilter.doFilterInternal(TokenAuthenticationFilter.java:57)
	at org.springframework.web.filter.OncePerRequestFilter.doFilter(OncePerRequestFilter.java:116)
	at org.springframework.security.web.FilterChainProxy$VirtualFilterChain.doFilter(FilterChainProxy.java:374)
	at org.springframework.security.web.authentication.AbstractAuthenticationProcessingFilter.doFilter(AbstractAuthenticationProcessingFilter.java:227)
	at org.springframework.security.web.authentication.AbstractAuthenticationProcessingFilter.doFilter(AbstractAuthenticationProcessingFilter.java:221)
	at org.springframework.security.web.FilterChainProxy$VirtualFilterChain.doFilter(FilterChainProxy.java:374)
	at org.springframework.security.oauth2.client.web.OAuth2AuthorizationRequestRedirectFilter.doFilterInternal(OAuth2AuthorizationRequestRedirectFilter.java:198)
	at org.springframework.web.filter.OncePerRequestFilter.doFilter(OncePerRequestFilter.java:116)
	at org.springframework.security.web.FilterChainProxy$VirtualFilterChain.doFilter(FilterChainProxy.java:374)
	at org.springframework.security.web.authentication.logout.LogoutFilter.doFilter(LogoutFilter.java:107)
	at org.springframework.security.web.authentication.logout.LogoutFilter.doFilter(LogoutFilter.java:93)
	at org.springframework.security.web.FilterChainProxy$VirtualFilterChain.doFilter(FilterChainProxy.java:374)
	at org.springframework.security.web.header.HeaderWriterFilter.doHeadersAfter(HeaderWriterFilter.java:90)
	at org.springframework.security.web.header.HeaderWriterFilter.doFilterInternal(HeaderWriterFilter.java:75)
	at org.springframework.web.filter.OncePerRequestFilter.doFilter(OncePerRequestFilter.java:116)
	at org.springframework.security.web.FilterChainProxy$VirtualFilterChain.doFilter(FilterChainProxy.java:374)
	at org.springframework.security.web.context.SecurityContextHolderFilter.doFilter(SecurityContextHolderFilter.java:82)
	at org.springframework.security.web.context.SecurityContextHolderFilter.doFilter(SecurityContextHolderFilter.java:69)
	at org.springframework.security.web.FilterChainProxy$VirtualFilterChain.doFilter(FilterChainProxy.java:374)
	at org.springframework.security.web.context.request.async.WebAsyncManagerIntegrationFilter.doFilterInternal(WebAsyncManagerIntegrationFilter.java:62)
	at org.springframework.web.filter.OncePerRequestFilter.doFilter(OncePerRequestFilter.java:116)
	at org.springframework.security.web.FilterChainProxy$VirtualFilterChain.doFilter(FilterChainProxy.java:374)
	at org.springframework.security.web.session.DisableEncodeUrlFilter.doFilterInternal(DisableEncodeUrlFilter.java:42)
	at org.springframework.web.filter.OncePerRequestFilter.doFilter(OncePerRequestFilter.java:116)
	at org.springframework.security.web.FilterChainProxy$VirtualFilterChain.doFilter(FilterChainProxy.java:374)
	at org.springframework.security.web.FilterChainProxy.doFilterInternal(FilterChainProxy.java:233)
	at org.springframework.security.web.FilterChainProxy.doFilter(FilterChainProxy.java:191)
	at org.springframework.web.filter.CompositeFilter$VirtualFilterChain.doFilter(CompositeFilter.java:113)
	at org.springframework.web.servlet.handler.HandlerMappingIntrospector.lambda$createCacheFilter$3(HandlerMappingIntrospector.java:243)
	at org.springframework.web.filter.CompositeFilter$VirtualFilterChain.doFilter(CompositeFilter.java:113)
	at org.springframework.web.filter.CompositeFilter.doFilter(CompositeFilter.java:74)
	at org.springframework.security.config.annotation.web.configuration.WebMvcSecurityConfiguration$CompositeFilterChainProxy.doFilter(WebMvcSecurityConfiguration.java:238)
	at org.springframework.web.filter.DelegatingFilterProxy.invokeDelegate(DelegatingFilterProxy.java:362)
	at org.springframework.web.filter.DelegatingFilterProxy.doFilter(DelegatingFilterProxy.java:278)
	at org.springframework.test.web.servlet.setup.MockMvcFilterDecorator.doFilter(MockMvcFilterDecorator.java:162)
	at org.springframework.mock.web.MockFilterChain.doFilter(MockFilterChain.java:132)
	at org.springframework.web.filter.RequestContextFilter.doFilterInternal(RequestContextFilter.java:100)
	at org.springframework.web.filter.OncePerRequestFilter.doFilter(OncePerRequestFilter.java:116)
	at org.springframework.test.web.servlet.setup.MockMvcFilterDecorator.doFilter(MockMvcFilterDecorator.java:162)
	at org.springframework.mock.web.MockFilterChain.doFilter(MockFilterChain.java:132)
	at org.springframework.web.filter.FormContentFilter.doFilterInternal(FormContentFilter.java:93)
	at org.springframework.web.filter.OncePerRequestFilter.doFilter(OncePerRequestFilter.java:116)
	at org.springframework.test.web.servlet.setup.MockMvcFilterDecorator.doFilter(MockMvcFilterDecorator.java:162)
	at org.springframework.mock.web.MockFilterChain.doFilter(MockFilterChain.java:132)
	at org.springframework.web.filter.CharacterEncodingFilter.doFilterInternal(CharacterEncodingFilter.java:201)
	at org.springframework.web.filter.OncePerRequestFilter.doFilter(OncePerRequestFilter.java:116)
	at org.springframework.test.web.servlet.setup.MockMvcFilterDecorator.doFilter(MockMvcFilterDecorator.java:162)
	at org.springframework.mock.web.MockFilterChain.doFilter(MockFilterChain.java:132)
	at org.springframework.test.web.servlet.MockMvc.perform(MockMvc.java:201)
	at com.ssginc8.docto.qna.controller.CommentControllerTest.getComment(CommentControllerTest.java:96)
	at java.base/jdk.internal.reflect.NativeMethodAccessorImpl.invoke0(Native Method)
	at java.base/jdk.internal.reflect.NativeMethodAccessorImpl.invoke(NativeMethodAccessorImpl.java:77)
	at java.base/jdk.internal.reflect.DelegatingMethodAccessorImpl.invoke(DelegatingMethodAccessorImpl.java:43)
	at java.base/java.lang.reflect.Method.invoke(Method.java:569)
	at org.junit.platform.commons.util.ReflectionUtils.invokeMethod(ReflectionUtils.java:767)
	at org.junit.jupiter.engine.execution.MethodInvocation.proceed(MethodInvocation.java:60)
	at org.junit.jupiter.engine.execution.InvocationInterceptorChain$ValidatingInvocation.proceed(InvocationInterceptorChain.java:131)
	at org.junit.jupiter.engine.extension.TimeoutExtension.intercept(TimeoutExtension.java:156)
	at org.junit.jupiter.engine.extension.TimeoutExtension.interceptTestableMethod(TimeoutExtension.java:147)
	at org.junit.jupiter.engine.extension.TimeoutExtension.interceptTestMethod(TimeoutExtension.java:86)
	at org.junit.jupiter.engine.execution.InterceptingExecutableInvoker$ReflectiveInterceptorCall.lambda$ofVoidMethod$0(InterceptingExecutableInvoker.java:103)
	at org.junit.jupiter.engine.execution.InterceptingExecutableInvoker.lambda$invoke$0(InterceptingExecutableInvoker.java:93)
	at org.junit.jupiter.engine.execution.InvocationInterceptorChain$InterceptedInvocation.proceed(InvocationInterceptorChain.java:106)
	at org.junit.jupiter.engine.execution.InvocationInterceptorChain.proceed(InvocationInterceptorChain.java:64)
	at org.junit.jupiter.engine.execution.InvocationInterceptorChain.chainAndInvoke(InvocationInterceptorChain.java:45)
	at org.junit.jupiter.engine.execution.InvocationInterceptorChain.invoke(InvocationInterceptorChain.java:37)
	at org.junit.jupiter.engine.execution.InterceptingExecutableInvoker.invoke(InterceptingExecutableInvoker.java:92)
	at org.junit.jupiter.engine.execution.InterceptingExecutableInvoker.invoke(InterceptingExecutableInvoker.java:86)
	at org.junit.jupiter.engine.descriptor.TestMethodTestDescriptor.lambda$invokeTestMethod$8(TestMethodTestDescriptor.java:217)
	at org.junit.platform.engine.support.hierarchical.ThrowableCollector.execute(ThrowableCollector.java:73)
	at org.junit.jupiter.engine.descriptor.TestMethodTestDescriptor.invokeTestMethod(TestMethodTestDescriptor.java:213)
	at org.junit.jupiter.engine.descriptor.TestMethodTestDescriptor.execute(TestMethodTestDescriptor.java:138)
	at org.junit.jupiter.engine.descriptor.TestMethodTestDescriptor.execute(TestMethodTestDescriptor.java:68)
	at org.junit.platform.engine.support.hierarchical.NodeTestTask.lambda$executeRecursively$6(NodeTestTask.java:156)
	at org.junit.platform.engine.support.hierarchical.ThrowableCollector.execute(ThrowableCollector.java:73)
	at org.junit.platform.engine.support.hierarchical.NodeTestTask.lambda$executeRecursively$8(NodeTestTask.java:146)
	at org.junit.platform.engine.support.hierarchical.Node.around(Node.java:137)
	at org.junit.platform.engine.support.hierarchical.NodeTestTask.lambda$executeRecursively$9(NodeTestTask.java:144)
	at org.junit.platform.engine.support.hierarchical.ThrowableCollector.execute(ThrowableCollector.java:73)
	at org.junit.platform.engine.support.hierarchical.NodeTestTask.executeRecursively(NodeTestTask.java:143)
	at org.junit.platform.engine.support.hierarchical.NodeTestTask.execute(NodeTestTask.java:100)
	at java.base/java.util.ArrayList.forEach(ArrayList.java:1511)
	at org.junit.platform.engine.support.hierarchical.SameThreadHierarchicalTestExecutorService.invokeAll(SameThreadHierarchicalTestExecutorService.java:41)
	at org.junit.platform.engine.support.hierarchical.NodeTestTask.lambda$executeRecursively$6(NodeTestTask.java:160)
	at org.junit.platform.engine.support.hierarchical.ThrowableCollector.execute(ThrowableCollector.java:73)
	at org.junit.platform.engine.support.hierarchical.NodeTestTask.lambda$executeRecursively$8(NodeTestTask.java:146)
	at org.junit.platform.engine.support.hierarchical.Node.around(Node.java:137)
	at org.junit.platform.engine.support.hierarchical.NodeTestTask.lambda$executeRecursively$9(NodeTestTask.java:144)
	at org.junit.platform.engine.support.hierarchical.ThrowableCollector.execute(ThrowableCollector.java:73)
	at org.junit.platform.engine.support.hierarchical.NodeTestTask.executeRecursively(NodeTestTask.java:143)
	at org.junit.platform.engine.support.hierarchical.NodeTestTask.execute(NodeTestTask.java:100)
	at java.base/java.util.ArrayList.forEach(ArrayList.java:1511)
	at org.junit.platform.engine.support.hierarchical.SameThreadHierarchicalTestExecutorService.invokeAll(SameThreadHierarchicalTestExecutorService.java:41)
	at org.junit.platform.engine.support.hierarchical.NodeTestTask.lambda$executeRecursively$6(NodeTestTask.java:160)
	at org.junit.platform.engine.support.hierarchical.ThrowableCollector.execute(ThrowableCollector.java:73)
	at org.junit.platform.engine.support.hierarchical.NodeTestTask.lambda$executeRecursively$8(NodeTestTask.java:146)
	at org.junit.platform.engine.support.hierarchical.Node.around(Node.java:137)
	at org.junit.platform.engine.support.hierarchical.NodeTestTask.lambda$executeRecursively$9(NodeTestTask.java:144)
	at org.junit.platform.engine.support.hierarchical.ThrowableCollector.execute(ThrowableCollector.java:73)
	at org.junit.platform.engine.support.hierarchical.NodeTestTask.executeRecursively(NodeTestTask.java:143)
	at org.junit.platform.engine.support.hierarchical.NodeTestTask.execute(NodeTestTask.java:100)
	at org.junit.platform.engine.support.hierarchical.SameThreadHierarchicalTestExecutorService.submit(SameThreadHierarchicalTestExecutorService.java:35)
	at org.junit.platform.engine.support.hierarchical.HierarchicalTestExecutor.execute(HierarchicalTestExecutor.java:57)
	at org.junit.platform.engine.support.hierarchical.HierarchicalTestEngine.execute(HierarchicalTestEngine.java:54)
	at org.junit.platform.launcher.core.EngineExecutionOrchestrator.execute(EngineExecutionOrchestrator.java:198)
	at org.junit.platform.launcher.core.EngineExecutionOrchestrator.execute(EngineExecutionOrchestrator.java:169)
	at org.junit.platform.launcher.core.EngineExecutionOrchestrator.execute(EngineExecutionOrchestrator.java:93)
	at org.junit.platform.launcher.core.EngineExecutionOrchestrator.lambda$execute$0(EngineExecutionOrchestrator.java:58)
	at org.junit.platform.launcher.core.EngineExecutionOrchestrator.withInterceptedStreams(EngineExecutionOrchestrator.java:141)
	at org.junit.platform.launcher.core.EngineExecutionOrchestrator.execute(EngineExecutionOrchestrator.java:57)
	at org.junit.platform.launcher.core.DefaultLauncher.execute(DefaultLauncher.java:103)
	at org.junit.platform.launcher.core.DefaultLauncher.execute(DefaultLauncher.java:85)
	at org.junit.platform.launcher.core.DelegatingLauncher.execute(DelegatingLauncher.java:47)
	at org.gradle.api.internal.tasks.testing.junitplatform.JUnitPlatformTestClassProcessor$CollectAllTestClassesExecutor.processAllTestClasses(JUnitPlatformTestClassProcessor.java:124)
	at org.gradle.api.internal.tasks.testing.junitplatform.JUnitPlatformTestClassProcessor$CollectAllTestClassesExecutor.access$000(JUnitPlatformTestClassProcessor.java:99)
	at org.gradle.api.internal.tasks.testing.junitplatform.JUnitPlatformTestClassProcessor.stop(JUnitPlatformTestClassProcessor.java:94)
	at org.gradle.api.internal.tasks.testing.SuiteTestClassProcessor.stop(SuiteTestClassProcessor.java:63)
	at java.base/jdk.internal.reflect.NativeMethodAccessorImpl.invoke0(Native Method)
	at java.base/jdk.internal.reflect.NativeMethodAccessorImpl.invoke(NativeMethodAccessorImpl.java:77)
	at java.base/jdk.internal.reflect.DelegatingMethodAccessorImpl.invoke(DelegatingMethodAccessorImpl.java:43)
	at java.base/java.lang.reflect.Method.invoke(Method.java:569)
	at org.gradle.internal.dispatch.ReflectionDispatch.dispatch(ReflectionDispatch.java:36)
	at org.gradle.internal.dispatch.ReflectionDispatch.dispatch(ReflectionDispatch.java:24)
	at org.gradle.internal.dispatch.ContextClassLoaderDispatch.dispatch(ContextClassLoaderDispatch.java:33)
	at org.gradle.internal.dispatch.ProxyDispatchAdapter$DispatchingInvocationHandler.invoke(ProxyDispatchAdapter.java:92)
	at jdk.proxy1/jdk.proxy1.$Proxy4.stop(Unknown Source)
	at org.gradle.api.internal.tasks.testing.worker.TestWorker$3.run(TestWorker.java:200)
	at org.gradle.api.internal.tasks.testing.worker.TestWorker.executeAndMaintainThreadName(TestWorker.java:132)
	at org.gradle.api.internal.tasks.testing.worker.TestWorker.execute(TestWorker.java:103)
	at org.gradle.api.internal.tasks.testing.worker.TestWorker.execute(TestWorker.java:63)
	at org.gradle.process.internal.worker.child.ActionExecutionWorker.execute(ActionExecutionWorker.java:56)
	at org.gradle.process.internal.worker.child.SystemApplicationClassLoaderWorker.call(SystemApplicationClassLoaderWorker.java:121)
	at org.gradle.process.internal.worker.child.SystemApplicationClassLoaderWorker.call(SystemApplicationClassLoaderWorker.java:71)
	at worker.org.gradle.process.internal.worker.GradleWorkerMain.run(GradleWorkerMain.java:69)
	at worker.org.gradle.process.internal.worker.GradleWorkerMain.main(GradleWorkerMain.java:74)
]]></system-err>
</testsuite>
